TN:
SF:src\app.js
FN:80,(anonymous_0)
FNF:1
FNH:1
FNDA:1,(anonymous_0)
DA:1,1
DA:3,1
DA:4,1
DA:5,1
DA:6,1
DA:7,1
DA:9,1
DA:10,1
DA:11,1
DA:12,1
DA:16,1
DA:17,1
DA:18,1
DA:19,1
DA:20,1
DA:21,1
DA:22,1
DA:23,1
DA:24,1
DA:25,1
DA:26,1
DA:27,1
DA:28,1
DA:32,1
DA:35,1
DA:38,1
DA:39,1
DA:41,1
DA:44,1
DA:45,1
DA:60,1
DA:61,1
DA:72,1
DA:78,1
DA:82,1
DA:84,0
DA:85,0
DA:87,0
DA:97,1
DA:98,1
DA:101,1
DA:103,1
DA:106,1
DA:107,1
DA:109,1
DA:110,1
DA:113,1
DA:114,1
DA:117,1
DA:118,1
DA:121,1
DA:125,1
DA:128,1
DA:131,1
DA:132,1
DA:135,1
DA:136,0
DA:139,1
LF:58
LH:54
BRDA:73,0,0,1
BRDA:73,0,1,0
BRDA:82,1,0,1
BRDA:82,1,1,0
BRDA:84,2,0,0
BRDA:84,2,1,0
BRDA:135,3,0,0
BRDA:135,3,1,1
BRF:8
BRH:3
end_of_record
TN:
SF:src\config\cloudinary.js
FNF:0
FNH:0
DA:1,1
DA:3,1
DA:4,0
DA:7,1
DA:13,1
LF:5
LH:4
BRDA:3,0,0,0
BRDA:3,0,1,1
BRF:2
BRH:1
end_of_record
TN:
SF:src\config\passport.js
FN:6,(anonymous_0)
FN:10,(anonymous_1)
FN:29,(anonymous_2)
FNF:3
FNH:0
FNDA:0,(anonymous_0)
FNDA:0,(anonymous_1)
FNDA:0,(anonymous_2)
DA:1,1
DA:2,1
DA:3,1
DA:6,1
DA:7,0
DA:10,1
DA:11,0
DA:13,0
DA:14,0
DA:15,0
DA:17,0
DA:22,1
DA:30,0
DA:32,0
DA:33,0
DA:37,0
DA:39,0
DA:42,0
DA:44,0
DA:50,1
LF:20
LH:7
BRF:0
BRH:0
end_of_record
TN:
SF:src\config\prisma.js
FN:15,(anonymous_0)
FNF:1
FNH:0
FNDA:0,(anonymous_0)
DA:1,1
DA:5,1
DA:6,0
DA:8,1
DA:9,1
DA:11,1
DA:15,1
DA:16,0
DA:17,0
DA:18,0
DA:19,0
DA:22,1
LF:12
LH:7
BRDA:5,0,0,0
BRDA:5,0,1,1
BRDA:8,1,0,1
BRDA:8,1,1,0
BRF:4
BRH:2
end_of_record
TN:
SF:src\config\swagger.js
FNF:0
FNH:0
DA:1,1
DA:2,1
DA:3,1
DA:6,1
DA:33,1
DA:35,1
LF:6
LH:6
BRF:0
BRH:0
end_of_record
TN:
SF:src\controllers\admin-controller.js
FN:17,(anonymous_0)
FN:32,(anonymous_1)
FN:49,(anonymous_2)
FN:68,(anonymous_3)
FN:121,(anonymous_4)
FN:123,(anonymous_5)
FN:141,(anonymous_6)
FN:151,(anonymous_7)
FN:185,(anonymous_8)
FN:221,(anonymous_9)
FN:239,(anonymous_10)
FN:254,(anonymous_11)
FN:271,(anonymous_12)
FN:287,(anonymous_13)
FN:306,(anonymous_14)
FN:321,(anonymous_15)
FN:335,(anonymous_16)
FN:351,(anonymous_17)
FN:366,(anonymous_18)
FN:386,(anonymous_19)
FN:420,(anonymous_20)
FN:435,(anonymous_21)
FN:445,(anonymous_22)
FN:458,(anonymous_23)
FN:511,(anonymous_24)
FN:524,(anonymous_25)
FN:539,(anonymous_26)
FN:553,(anonymous_27)
FN:569,(anonymous_28)
FN:583,(anonymous_29)
FN:603,(anonymous_30)
FN:615,(anonymous_31)
FN:627,(anonymous_32)
FN:638,(anonymous_33)
FN:664,(anonymous_34)
FN:690,(anonymous_35)
FN:705,(anonymous_36)
FN:712,(anonymous_37)
FN:730,(anonymous_38)
FN:749,(anonymous_39)
FN:765,(anonymous_40)
FN:777,(anonymous_41)
FN:841,(anonymous_42)
FN:848,(anonymous_43)
FN:859,(anonymous_44)
FN:901,(anonymous_45)
FN:914,(anonymous_46)
FN:929,(anonymous_47)
FN:938,(anonymous_48)
FN:948,(anonymous_49)
FN:957,(anonymous_50)
FNF:51
FNH:0
FNDA:0,(anonymous_0)
FNDA:0,(anonymous_1)
FNDA:0,(anonymous_2)
FNDA:0,(anonymous_3)
FNDA:0,(anonymous_4)
FNDA:0,(anonymous_5)
FNDA:0,(anonymous_6)
FNDA:0,(anonymous_7)
FNDA:0,(anonymous_8)
FNDA:0,(anonymous_9)
FNDA:0,(anonymous_10)
FNDA:0,(anonymous_11)
FNDA:0,(anonymous_12)
FNDA:0,(anonymous_13)
FNDA:0,(anonymous_14)
FNDA:0,(anonymous_15)
FNDA:0,(anonymous_16)
FNDA:0,(anonymous_17)
FNDA:0,(anonymous_18)
FNDA:0,(anonymous_19)
FNDA:0,(anonymous_20)
FNDA:0,(anonymous_21)
FNDA:0,(anonymous_22)
FNDA:0,(anonymous_23)
FNDA:0,(anonymous_24)
FNDA:0,(anonymous_25)
FNDA:0,(anonymous_26)
FNDA:0,(anonymous_27)
FNDA:0,(anonymous_28)
FNDA:0,(anonymous_29)
FNDA:0,(anonymous_30)
FNDA:0,(anonymous_31)
FNDA:0,(anonymous_32)
FNDA:0,(anonymous_33)
FNDA:0,(anonymous_34)
FNDA:0,(anonymous_35)
FNDA:0,(anonymous_36)
FNDA:0,(anonymous_37)
FNDA:0,(anonymous_38)
FNDA:0,(anonymous_39)
FNDA:0,(anonymous_40)
FNDA:0,(anonymous_41)
FNDA:0,(anonymous_42)
FNDA:0,(anonymous_43)
FNDA:0,(anonymous_44)
FNDA:0,(anonymous_45)
FNDA:0,(anonymous_46)
FNDA:0,(anonymous_47)
FNDA:0,(anonymous_48)
FNDA:0,(anonymous_49)
FNDA:0,(anonymous_50)
DA:1,1
DA:2,1
DA:3,1
DA:4,1
DA:5,1
DA:6,1
DA:7,1
DA:8,1
DA:9,1
DA:10,1
DA:11,1
DA:12,1
DA:13,1
DA:14,1
DA:15,1
DA:17,1
DA:18,0
DA:19,0
DA:22,0
DA:23,0
DA:26,0
DA:28,0
DA:32,1
DA:33,0
DA:34,0
DA:35,0
DA:36,0
DA:39,0
DA:40,0
DA:45,0
DA:49,1
DA:50,0
DA:51,0
DA:52,0
DA:53,0
DA:56,0
DA:58,0
DA:63,0
DA:68,1
DA:69,0
DA:70,0
DA:71,0
DA:83,0
DA:85,0
DA:86,0
DA:87,0
DA:88,0
DA:90,0
DA:95,0
DA:96,0
DA:100,0
DA:101,0
DA:104,0
DA:119,0
DA:120,0
DA:121,0
DA:122,0
DA:123,0
DA:128,0
DA:131,0
DA:136,0
DA:141,1
DA:142,0
DA:143,0
DA:145,0
DA:147,0
DA:151,1
DA:152,0
DA:153,0
DA:155,0
DA:161,0
DA:164,0
DA:165,0
DA:166,0
DA:169,0
DA:171,0
DA:179,0
DA:181,0
DA:185,1
DA:186,0
DA:187,0
DA:189,0
DA:190,0
DA:193,0
DA:194,0
DA:196,0
DA:197,0
DA:198,0
DA:199,0
DA:201,0
DA:203,0
DA:206,0
DA:207,0
DA:208,0
DA:210,0
DA:212,0
DA:217,0
DA:221,1
DA:222,0
DA:223,0
DA:225,0
DA:226,0
DA:229,0
DA:231,0
DA:233,0
DA:239,1
DA:240,0
DA:241,0
DA:243,0
DA:244,0
DA:245,0
DA:248,0
DA:250,0
DA:254,1
DA:255,0
DA:256,0
DA:259,0
DA:261,0
DA:263,0
DA:267,0
DA:271,1
DA:272,0
DA:273,0
DA:274,0
DA:276,0
DA:277,0
DA:279,0
DA:281,0
DA:283,0
DA:287,1
DA:288,0
DA:289,0
DA:291,0
DA:292,0
DA:294,0
DA:296,0
DA:298,0
DA:306,1
DA:307,0
DA:308,0
DA:310,0
DA:311,0
DA:312,0
DA:315,0
DA:317,0
DA:321,1
DA:322,0
DA:323,0
DA:326,0
DA:328,0
DA:330,0
DA:332,0
DA:335,1
DA:336,0
DA:337,0
DA:338,0
DA:340,0
DA:341,0
DA:343,0
DA:345,0
DA:347,0
DA:351,1
DA:352,0
DA:353,0
DA:355,0
DA:356,0
DA:358,0
DA:360,0
DA:362,0
DA:366,1
DA:367,0
DA:368,0
DA:370,0
DA:371,0
DA:373,0
DA:374,0
DA:378,0
DA:386,1
DA:387,0
DA:388,0
DA:390,0
DA:391,0
DA:394,0
DA:395,0
DA:396,0
DA:397,0
DA:398,0
DA:401,0
DA:402,0
DA:403,0
DA:405,0
DA:407,0
DA:412,0
DA:413,0
DA:414,0
DA:415,0
DA:416,0
DA:418,0
DA:420,0
DA:423,0
DA:427,0
DA:435,1
DA:436,0
DA:437,0
DA:438,0
DA:439,0
DA:441,0
DA:445,1
DA:446,0
DA:447,0
DA:448,0
DA:449,0
DA:450,0
DA:454,0
DA:458,1
DA:459,0
DA:469,0
DA:470,0
DA:480,0
DA:484,0
DA:487,0
DA:489,0
DA:490,0
DA:492,0
DA:503,0
DA:504,0
DA:505,0
DA:507,0
DA:511,1
DA:512,0
DA:513,0
DA:514,0
DA:515,0
DA:516,0
DA:517,0
DA:518,0
DA:520,0
DA:524,1
DA:525,0
DA:526,0
DA:527,0
DA:528,0
DA:529,0
DA:531,0
DA:539,1
DA:540,0
DA:541,0
DA:542,0
DA:543,0
DA:544,0
DA:549,0
DA:553,1
DA:554,0
DA:555,0
DA:556,0
DA:559,0
DA:560,0
DA:565,0
DA:569,1
DA:570,0
DA:571,0
DA:572,0
DA:573,0
DA:574,0
DA:579,0
DA:583,1
DA:584,0
DA:585,0
DA:586,0
DA:587,0
DA:588,0
DA:589,0
DA:593,0
DA:594,0
DA:599,0
DA:603,1
DA:604,0
DA:605,0
DA:606,0
DA:607,0
DA:608,0
DA:610,0
DA:615,1
DA:616,0
DA:617,0
DA:618,0
DA:619,0
DA:621,0
DA:627,1
DA:628,0
DA:629,0
DA:630,0
DA:631,0
DA:633,0
DA:638,1
DA:639,0
DA:640,0
DA:641,0
DA:642,0
DA:646,0
DA:647,0
DA:649,0
DA:656,0
DA:657,0
DA:659,0
DA:664,1
DA:665,0
DA:666,0
DA:667,0
DA:669,0
DA:670,0
DA:671,0
DA:674,0
DA:675,0
DA:676,0
DA:677,0
DA:678,0
DA:680,0
DA:681,0
DA:683,0
DA:685,0
DA:690,1
DA:691,0
DA:692,0
DA:693,0
DA:695,0
DA:696,0
DA:698,0
DA:703,1
DA:705,1
DA:706,0
DA:712,1
DA:713,0
DA:714,0
DA:715,0
DA:716,0
DA:718,0
DA:723,0
DA:730,1
DA:731,0
DA:732,0
DA:733,0
DA:734,0
DA:735,0
DA:737,0
DA:749,0
DA:755,0
DA:760,0
DA:761,0
DA:765,1
DA:766,0
DA:767,0
DA:770,0
DA:771,0
DA:773,0
DA:777,1
DA:778,0
DA:792,0
DA:795,0
DA:796,0
DA:799,0
DA:800,0
DA:803,0
DA:804,0
DA:805,0
DA:808,0
DA:809,0
DA:810,0
DA:816,0
DA:817,0
DA:820,0
DA:822,0
DA:838,0
DA:839,0
DA:840,0
DA:841,0
DA:845,0
DA:846,0
DA:848,0
DA:851,0
DA:855,0
DA:859,1
DA:860,0
DA:861,0
DA:862,0
DA:876,0
DA:878,0
DA:892,0
DA:893,0
DA:897,0
DA:901,1
DA:902,0
DA:903,0
DA:904,0
DA:906,0
DA:907,0
DA:909,0
DA:914,1
DA:915,0
DA:916,0
DA:917,0
DA:918,0
DA:919,0
DA:922,0
DA:923,0
DA:925,0
DA:929,1
DA:930,0
DA:931,0
DA:932,0
DA:934,0
DA:938,1
DA:939,0
DA:940,0
DA:941,0
DA:942,0
DA:944,0
DA:948,1
DA:949,0
DA:950,0
DA:951,0
DA:953,0
DA:957,1
DA:958,0
DA:959,0
DA:960,0
DA:962,0
LF:427
LH:61
BRDA:22,0,0,0
BRDA:22,0,1,0
BRDA:35,1,0,0
BRDA:35,1,1,0
BRDA:35,2,0,0
BRDA:35,2,1,0
BRDA:52,3,0,0
BRDA:52,3,1,0
BRDA:52,4,0,0
BRDA:52,4,1,0
BRDA:71,5,0,0
BRDA:71,5,1,0
BRDA:86,6,0,0
BRDA:86,6,1,0
BRDA:86,7,0,0
BRDA:86,7,1,0
BRDA:95,8,0,0
BRDA:95,8,1,0
BRDA:95,9,0,0
BRDA:95,9,1,0
BRDA:95,9,2,0
BRDA:95,9,3,0
BRDA:95,9,4,0
BRDA:101,10,0,0
BRDA:101,10,1,0
BRDA:109,11,0,0
BRDA:109,11,1,0
BRDA:111,12,0,0
BRDA:111,12,1,0
BRDA:113,13,0,0
BRDA:113,13,1,0
BRDA:120,14,0,0
BRDA:120,14,1,0
BRDA:120,15,0,0
BRDA:120,15,1,0
BRDA:155,16,0,0
BRDA:155,16,1,0
BRDA:156,17,0,0
BRDA:156,17,1,0
BRDA:156,17,2,0
BRDA:156,17,3,0
BRDA:165,18,0,0
BRDA:165,18,1,0
BRDA:189,19,0,0
BRDA:189,19,1,0
BRDA:196,20,0,0
BRDA:196,20,1,0
BRDA:198,21,0,0
BRDA:198,21,1,0
BRDA:206,22,0,0
BRDA:206,22,1,0
BRDA:207,23,0,0
BRDA:207,23,1,0
BRDA:208,24,0,0
BRDA:208,24,1,0
BRDA:225,25,0,0
BRDA:225,25,1,0
BRDA:243,26,0,0
BRDA:243,26,1,0
BRDA:259,27,0,0
BRDA:259,27,1,0
BRDA:276,28,0,0
BRDA:276,28,1,0
BRDA:276,29,0,0
BRDA:276,29,1,0
BRDA:277,30,0,0
BRDA:277,30,1,0
BRDA:291,31,0,0
BRDA:291,31,1,0
BRDA:292,32,0,0
BRDA:292,32,1,0
BRDA:310,33,0,0
BRDA:310,33,1,0
BRDA:326,34,0,0
BRDA:326,34,1,0
BRDA:340,35,0,0
BRDA:340,35,1,0
BRDA:340,36,0,0
BRDA:340,36,1,0
BRDA:341,37,0,0
BRDA:341,37,1,0
BRDA:355,38,0,0
BRDA:355,38,1,0
BRDA:356,39,0,0
BRDA:356,39,1,0
BRDA:370,40,0,0
BRDA:370,40,1,0
BRDA:371,41,0,0
BRDA:371,41,1,0
BRDA:390,42,0,0
BRDA:390,42,1,0
BRDA:390,43,0,0
BRDA:390,43,1,0
BRDA:396,44,0,0
BRDA:396,44,1,0
BRDA:414,45,0,0
BRDA:414,45,1,0
BRDA:414,46,0,0
BRDA:414,46,1,0
BRDA:438,47,0,0
BRDA:438,47,1,0
BRDA:449,48,0,0
BRDA:449,48,1,0
BRDA:470,49,0,0
BRDA:470,49,1,0
BRDA:471,50,0,0
BRDA:471,50,1,0
BRDA:471,50,2,0
BRDA:471,50,3,0
BRDA:471,50,4,0
BRDA:471,50,5,0
BRDA:471,50,6,0
BRDA:471,50,7,0
BRDA:487,51,0,0
BRDA:487,51,1,0
BRDA:490,52,0,0
BRDA:490,52,1,0
BRDA:504,53,0,0
BRDA:504,53,1,0
BRDA:515,54,0,0
BRDA:515,54,1,0
BRDA:517,55,0,0
BRDA:517,55,1,0
BRDA:527,56,0,0
BRDA:527,56,1,0
BRDA:542,57,0,0
BRDA:542,57,1,0
BRDA:542,58,0,0
BRDA:542,58,1,0
BRDA:559,59,0,0
BRDA:559,59,1,0
BRDA:573,60,0,0
BRDA:573,60,1,0
BRDA:587,61,0,0
BRDA:587,61,1,0
BRDA:588,62,0,0
BRDA:588,62,1,0
BRDA:593,63,0,0
BRDA:593,63,1,0
BRDA:606,64,0,0
BRDA:606,64,1,0
BRDA:618,65,0,0
BRDA:618,65,1,0
BRDA:630,66,0,0
BRDA:630,66,1,0
BRDA:641,67,0,0
BRDA:641,67,1,0
BRDA:641,68,0,0
BRDA:641,68,1,0
BRDA:647,69,0,0
BRDA:647,69,1,0
BRDA:652,70,0,0
BRDA:652,70,1,0
BRDA:653,71,0,0
BRDA:653,71,1,0
BRDA:667,72,0,0
BRDA:667,72,1,0
BRDA:670,73,0,0
BRDA:670,73,1,0
BRDA:670,74,0,0
BRDA:670,74,1,0
BRDA:670,74,2,0
BRDA:670,74,3,0
BRDA:675,75,0,0
BRDA:675,75,1,0
BRDA:676,76,0,0
BRDA:676,76,1,0
BRDA:677,77,0,0
BRDA:677,77,1,0
BRDA:677,78,0,0
BRDA:677,78,1,0
BRDA:678,79,0,0
BRDA:678,79,1,0
BRDA:681,80,0,0
BRDA:681,80,1,0
BRDA:693,81,0,0
BRDA:693,81,1,0
BRDA:715,82,0,0
BRDA:715,82,1,0
BRDA:715,83,0,0
BRDA:715,83,1,0
BRDA:734,84,0,0
BRDA:734,84,1,0
BRDA:770,85,0,0
BRDA:770,85,1,0
BRDA:795,86,0,0
BRDA:795,86,1,0
BRDA:795,87,0,0
BRDA:795,87,1,0
BRDA:795,87,2,0
BRDA:795,87,3,0
BRDA:799,88,0,0
BRDA:799,88,1,0
BRDA:804,89,0,0
BRDA:804,89,1,0
BRDA:808,90,0,0
BRDA:808,90,1,0
BRDA:809,91,0,0
BRDA:809,91,1,0
BRDA:809,92,0,0
BRDA:809,92,1,0
BRDA:816,93,0,0
BRDA:816,93,1,0
BRDA:831,94,0,0
BRDA:831,94,1,0
BRDA:838,95,0,0
BRDA:838,95,1,0
BRDA:862,96,0,0
BRDA:862,96,1,0
BRDA:886,97,0,0
BRDA:886,97,1,0
BRDA:904,98,0,0
BRDA:904,98,1,0
BRDA:916,99,0,0
BRDA:916,99,1,0
BRDA:916,100,0,0
BRDA:916,100,1,0
BRDA:916,100,2,0
BRDA:941,101,0,0
BRDA:941,101,1,0
BRF:220
BRH:0
end_of_record
TN:
SF:src\controllers\api-controller.js
FN:4,(anonymous_0)
FN:14,(anonymous_1)
FN:31,(anonymous_2)
FN:46,(anonymous_3)
FNF:4
FNH:1
FNDA:1,(anonymous_0)
FNDA:0,(anonymous_1)
FNDA:0,(anonymous_2)
FNDA:0,(anonymous_3)
DA:1,1
DA:2,1
DA:4,1
DA:5,1
DA:6,1
DA:7,1
DA:9,0
DA:10,0
DA:14,1
DA:15,0
DA:16,0
DA:17,0
DA:19,0
DA:20,0
DA:22,0
DA:23,0
DA:26,0
DA:27,0
DA:31,1
DA:32,0
DA:33,0
DA:35,0
DA:36,0
DA:39,0
DA:41,0
DA:42,0
DA:46,1
DA:47,0
DA:48,0
DA:50,0
DA:51,0
DA:54,0
DA:56,0
DA:61,0
DA:62,0
DA:63,0
DA:65,0
LF:37
LH:9
BRDA:22,0,0,0
BRDA:22,0,1,0
BRDA:35,1,0,0
BRDA:35,1,1,0
BRDA:50,2,0,0
BRDA:50,2,1,0
BRDA:62,3,0,0
BRDA:62,3,1,0
BRF:8
BRH:0
end_of_record
TN:
SF:src\controllers\auth-controller.js
FN:16,(anonymous_0)
FN:100,(anonymous_1)
FN:113,(anonymous_2)
FN:138,(anonymous_3)
FN:160,(anonymous_4)
FN:177,(anonymous_5)
FN:214,(anonymous_6)
FN:222,(anonymous_7)
FN:238,(anonymous_8)
FN:253,(anonymous_9)
FN:276,(anonymous_10)
FN:289,(anonymous_11)
FN:304,(anonymous_12)
FN:309,(anonymous_13)
FN:321,(anonymous_14)
FN:341,(anonymous_15)
FN:435,(anonymous_16)
FN:452,(anonymous_17)
FN:519,(anonymous_18)
FN:534,(anonymous_19)
FN:550,(anonymous_20)
FN:567,(anonymous_21)
FN:593,(anonymous_22)
FN:612,(anonymous_23)
FN:627,(anonymous_24)
FN:643,(anonymous_25)
FN:663,(anonymous_26)
FN:691,(anonymous_27)
FN:707,(anonymous_28)
FN:716,(anonymous_29)
FN:730,(anonymous_30)
FN:746,(anonymous_31)
FN:765,(anonymous_32)
FN:792,(anonymous_33)
FN:813,(anonymous_34)
FN:872,(anonymous_35)
FN:881,(anonymous_36)
FN:890,(anonymous_37)
FN:899,(anonymous_38)
FNF:39
FNH:0
FNDA:0,(anonymous_0)
FNDA:0,(anonymous_1)
FNDA:0,(anonymous_2)
FNDA:0,(anonymous_3)
FNDA:0,(anonymous_4)
FNDA:0,(anonymous_5)
FNDA:0,(anonymous_6)
FNDA:0,(anonymous_7)
FNDA:0,(anonymous_8)
FNDA:0,(anonymous_9)
FNDA:0,(anonymous_10)
FNDA:0,(anonymous_11)
FNDA:0,(anonymous_12)
FNDA:0,(anonymous_13)
FNDA:0,(anonymous_14)
FNDA:0,(anonymous_15)
FNDA:0,(anonymous_16)
FNDA:0,(anonymous_17)
FNDA:0,(anonymous_18)
FNDA:0,(anonymous_19)
FNDA:0,(anonymous_20)
FNDA:0,(anonymous_21)
FNDA:0,(anonymous_22)
FNDA:0,(anonymous_23)
FNDA:0,(anonymous_24)
FNDA:0,(anonymous_25)
FNDA:0,(anonymous_26)
FNDA:0,(anonymous_27)
FNDA:0,(anonymous_28)
FNDA:0,(anonymous_29)
FNDA:0,(anonymous_30)
FNDA:0,(anonymous_31)
FNDA:0,(anonymous_32)
FNDA:0,(anonymous_33)
FNDA:0,(anonymous_34)
FNDA:0,(anonymous_35)
FNDA:0,(anonymous_36)
FNDA:0,(anonymous_37)
FNDA:0,(anonymous_38)
DA:1,1
DA:2,1
DA:3,1
DA:4,1
DA:5,1
DA:6,1
DA:7,1
DA:8,1
DA:9,1
DA:10,1
DA:11,1
DA:12,1
DA:13,1
DA:16,1
DA:17,0
DA:32,0
DA:35,0
DA:36,0
DA:40,0
DA:41,0
DA:45,0
DA:48,0
DA:49,0
DA:50,0
DA:57,0
DA:58,0
DA:59,0
DA:63,0
DA:66,0
DA:71,0
DA:72,0
DA:73,0
DA:77,0
DA:80,0
DA:96,0
DA:97,0
DA:98,0
DA:99,0
DA:100,0
DA:104,0
DA:105,0
DA:106,0
DA:107,0
DA:108,0
DA:111,0
DA:113,0
DA:117,0
DA:124,0
DA:127,0
DA:129,0
DA:130,0
DA:132,0
DA:138,1
DA:139,0
DA:140,0
DA:142,0
DA:143,0
DA:151,0
DA:154,0
DA:155,0
DA:159,0
DA:160,0
DA:163,0
DA:164,0
DA:168,0
DA:169,0
DA:170,0
DA:176,0
DA:177,0
DA:179,0
DA:180,0
DA:181,0
DA:187,0
DA:208,0
DA:210,0
DA:214,1
DA:215,0
DA:216,0
DA:218,0
DA:222,1
DA:223,0
DA:224,0
DA:226,0
DA:227,0
DA:232,0
DA:234,0
DA:238,1
DA:239,0
DA:240,0
DA:242,0
DA:243,0
DA:246,0
DA:248,0
DA:253,1
DA:254,0
DA:255,0
DA:256,0
DA:258,0
DA:259,0
DA:260,0
DA:263,0
DA:267,0
DA:272,0
DA:276,1
DA:277,0
DA:278,0
DA:280,0
DA:281,0
DA:282,0
DA:284,0
DA:285,0
DA:288,0
DA:289,0
DA:290,0
DA:296,0
DA:297,0
DA:301,0
DA:302,0
DA:304,0
DA:306,0
DA:307,0
DA:309,0
DA:312,0
DA:316,0
DA:318,0
DA:319,0
DA:320,0
DA:321,0
DA:323,0
DA:324,0
DA:332,0
DA:335,0
DA:337,0
DA:341,1
DA:342,0
DA:344,0
DA:345,0
DA:346,0
DA:348,0
DA:355,0
DA:358,0
DA:361,0
DA:362,0
DA:366,0
DA:370,0
DA:401,0
DA:402,0
DA:403,0
DA:407,0
DA:418,0
DA:425,0
DA:431,0
DA:435,1
DA:436,0
DA:437,0
DA:438,0
DA:440,0
DA:441,0
DA:442,0
DA:444,0
DA:446,0
DA:448,0
DA:452,1
DA:453,0
DA:454,0
DA:455,0
DA:456,0
DA:459,0
DA:461,0
DA:462,0
DA:465,0
DA:467,0
DA:519,1
DA:520,0
DA:521,0
DA:523,0
DA:524,0
DA:525,0
DA:528,0
DA:530,0
DA:534,1
DA:535,0
DA:536,0
DA:537,0
DA:539,0
DA:540,0
DA:541,0
DA:544,0
DA:546,0
DA:550,1
DA:551,0
DA:552,0
DA:553,0
DA:554,0
DA:557,0
DA:559,0
DA:563,0
DA:567,1
DA:568,0
DA:569,0
DA:570,0
DA:572,0
DA:573,0
DA:576,0
DA:581,0
DA:582,0
DA:585,0
DA:589,0
DA:593,1
DA:594,0
DA:595,0
DA:596,0
DA:598,0
DA:599,0
DA:602,0
DA:606,0
DA:612,1
DA:613,0
DA:614,0
DA:616,0
DA:617,0
DA:618,0
DA:621,0
DA:623,0
DA:627,1
DA:628,0
DA:629,0
DA:630,0
DA:632,0
DA:633,0
DA:634,0
DA:637,0
DA:639,0
DA:643,1
DA:644,0
DA:645,0
DA:646,0
DA:647,0
DA:650,0
DA:657,0
DA:659,0
DA:663,1
DA:664,0
DA:665,0
DA:666,0
DA:668,0
DA:669,0
DA:672,0
DA:679,0
DA:680,0
DA:683,0
DA:687,0
DA:691,1
DA:692,0
DA:693,0
DA:694,0
DA:696,0
DA:697,0
DA:700,0
DA:702,0
DA:707,1
DA:708,0
DA:709,0
DA:710,0
DA:712,0
DA:716,1
DA:717,0
DA:718,0
DA:720,0
DA:721,0
DA:724,0
DA:726,0
DA:730,1
DA:731,0
DA:732,0
DA:736,0
DA:737,0
DA:740,0
DA:742,0
DA:746,1
DA:747,0
DA:748,0
DA:750,0
DA:751,0
DA:754,0
DA:756,0
DA:761,0
DA:765,1
DA:766,0
DA:767,0
DA:768,0
DA:770,0
DA:771,0
DA:774,0
DA:779,0
DA:780,0
DA:783,0
DA:788,0
DA:792,1
DA:793,0
DA:794,0
DA:796,0
DA:800,0
DA:801,0
DA:804,0
DA:809,0
DA:813,1
DA:814,0
DA:829,0
DA:832,0
DA:833,0
DA:837,0
DA:838,0
DA:841,0
DA:844,0
DA:847,0
DA:865,0
DA:867,0
DA:872,1
DA:873,0
DA:874,0
DA:875,0
DA:877,0
DA:881,1
DA:882,0
DA:883,0
DA:884,0
DA:886,0
DA:890,1
DA:891,0
DA:892,0
DA:893,0
DA:895,0
DA:899,1
DA:900,0
DA:901,0
DA:902,0
DA:904,0
LF:338
LH:44
BRDA:35,0,0,0
BRDA:35,0,1,0
BRDA:35,1,0,0
BRDA:35,1,1,0
BRDA:40,2,0,0
BRDA:40,2,1,0
BRDA:48,3,0,0
BRDA:48,3,1,0
BRDA:49,4,0,0
BRDA:49,4,1,0
BRDA:49,5,0,0
BRDA:49,5,1,0
BRDA:58,6,0,0
BRDA:58,6,1,0
BRDA:71,7,0,0
BRDA:71,7,1,0
BRDA:72,8,0,0
BRDA:72,8,1,0
BRDA:77,9,0,0
BRDA:77,9,1,0
BRDA:97,10,0,0
BRDA:97,10,1,0
BRDA:106,11,0,0
BRDA:106,11,1,0
BRDA:106,12,0,0
BRDA:106,12,1,0
BRDA:129,13,0,0
BRDA:129,13,1,0
BRDA:142,14,0,0
BRDA:142,14,1,0
BRDA:142,15,0,0
BRDA:142,15,1,0
BRDA:154,16,0,0
BRDA:154,16,1,0
BRDA:160,17,0,0
BRDA:160,17,1,0
BRDA:163,18,0,0
BRDA:163,18,1,0
BRDA:169,19,0,0
BRDA:169,19,1,0
BRDA:226,20,0,0
BRDA:226,20,1,0
BRDA:226,21,0,0
BRDA:226,21,1,0
BRDA:242,22,0,0
BRDA:242,22,1,0
BRDA:242,23,0,0
BRDA:242,23,1,0
BRDA:259,24,0,0
BRDA:259,24,1,0
BRDA:264,25,0,0
BRDA:264,25,1,0
BRDA:281,26,0,0
BRDA:281,26,1,0
BRDA:281,27,0,0
BRDA:281,27,1,0
BRDA:284,28,0,0
BRDA:284,28,1,0
BRDA:288,29,0,0
BRDA:288,29,1,0
BRDA:296,30,0,0
BRDA:296,30,1,0
BRDA:296,31,0,0
BRDA:296,31,1,0
BRDA:301,32,0,0
BRDA:301,32,1,0
BRDA:306,33,0,0
BRDA:306,33,1,0
BRDA:318,34,0,0
BRDA:318,34,1,0
BRDA:346,35,0,0
BRDA:346,35,1,0
BRDA:348,36,0,0
BRDA:348,36,1,0
BRDA:361,37,0,0
BRDA:361,37,1,0
BRDA:366,38,0,0
BRDA:366,38,1,0
BRDA:377,39,0,0
BRDA:377,39,1,0
BRDA:378,40,0,0
BRDA:378,40,1,0
BRDA:383,41,0,0
BRDA:383,41,1,0
BRDA:383,41,2,0
BRDA:385,42,0,0
BRDA:385,42,1,0
BRDA:387,43,0,0
BRDA:387,43,1,0
BRDA:392,44,0,0
BRDA:392,44,1,0
BRDA:394,45,0,0
BRDA:394,45,1,0
BRDA:401,46,0,0
BRDA:401,46,1,0
BRDA:440,47,0,0
BRDA:440,47,1,0
BRDA:455,48,0,0
BRDA:455,48,1,0
BRDA:455,49,0,0
BRDA:455,49,1,0
BRDA:461,50,0,0
BRDA:461,50,1,0
BRDA:523,51,0,0
BRDA:523,51,1,0
BRDA:523,52,0,0
BRDA:523,52,1,0
BRDA:539,53,0,0
BRDA:539,53,1,0
BRDA:553,54,0,0
BRDA:553,54,1,0
BRDA:572,55,0,0
BRDA:572,55,1,0
BRDA:581,56,0,0
BRDA:581,56,1,0
BRDA:598,57,0,0
BRDA:598,57,1,0
BRDA:616,58,0,0
BRDA:616,58,1,0
BRDA:616,59,0,0
BRDA:616,59,1,0
BRDA:632,60,0,0
BRDA:632,60,1,0
BRDA:646,61,0,0
BRDA:646,61,1,0
BRDA:646,62,0,0
BRDA:646,62,1,0
BRDA:668,63,0,0
BRDA:668,63,1,0
BRDA:668,64,0,0
BRDA:668,64,1,0
BRDA:679,65,0,0
BRDA:679,65,1,0
BRDA:696,66,0,0
BRDA:696,66,1,0
BRDA:709,67,0,0
BRDA:709,67,1,0
BRDA:709,68,0,0
BRDA:709,68,1,0
BRDA:720,69,0,0
BRDA:720,69,1,0
BRDA:720,70,0,0
BRDA:720,70,1,0
BRDA:736,71,0,0
BRDA:736,71,1,0
BRDA:750,72,0,0
BRDA:750,72,1,0
BRDA:770,73,0,0
BRDA:770,73,1,0
BRDA:779,74,0,0
BRDA:779,74,1,0
BRDA:800,75,0,0
BRDA:800,75,1,0
BRDA:828,76,0,0
BRDA:832,77,0,0
BRDA:832,77,1,0
BRDA:832,78,0,0
BRDA:832,78,1,0
BRDA:832,78,2,0
BRDA:838,79,0,0
BRDA:838,79,1,0
BRDA:844,80,0,0
BRDA:844,80,1,0
BRDA:855,81,0,0
BRDA:855,81,1,0
BRDA:856,82,0,0
BRDA:856,82,1,0
BRDA:857,83,0,0
BRDA:857,83,1,0
BRDA:859,84,0,0
BRDA:859,84,1,0
BRDA:860,85,0,0
BRDA:860,85,1,0
BRF:173
BRH:0
end_of_record
TN:
SF:src\controllers\exel-controller.js
FN:5,(anonymous_0)
FN:192,(anonymous_1)
FNF:2
FNH:0
FNDA:0,(anonymous_0)
FNDA:0,(anonymous_1)
DA:1,1
DA:2,1
DA:3,1
DA:5,1
DA:6,0
DA:7,0
DA:8,0
DA:12,0
DA:13,0
DA:14,0
DA:15,0
DA:17,0
DA:18,0
DA:20,0
DA:21,0
DA:35,0
DA:37,0
DA:39,0
DA:41,0
DA:53,0
DA:61,0
DA:62,0
DA:63,0
DA:64,0
DA:68,0
DA:72,0
DA:73,0
DA:81,0
DA:84,0
DA:85,0
DA:93,0
DA:97,0
DA:98,0
DA:105,0
DA:109,0
DA:110,0
DA:118,0
DA:120,0
DA:121,0
DA:125,0
DA:126,0
DA:127,0
DA:129,0
DA:132,0
DA:133,0
DA:134,0
DA:135,0
DA:138,0
DA:139,0
DA:140,0
DA:159,0
DA:176,0
DA:177,0
DA:178,0
DA:179,0
DA:181,0
DA:184,0
DA:185,0
DA:186,0
DA:187,0
DA:188,0
DA:190,0
DA:192,0
DA:196,0
DA:203,0
DA:205,0
DA:206,0
DA:208,0
DA:209,0
DA:210,0
DA:214,0
DA:222,0
DA:223,0
LF:73
LH:4
BRDA:7,0,0,0
BRDA:7,0,1,0
BRDA:41,1,0,0
BRDA:41,1,1,0
BRDA:42,2,0,0
BRDA:42,2,1,0
BRDA:42,2,2,0
BRDA:42,2,3,0
BRDA:42,2,4,0
BRDA:42,2,5,0
BRDA:42,2,6,0
BRDA:42,2,7,0
BRDA:42,2,8,0
BRDA:42,2,9,0
BRDA:54,3,0,0
BRDA:54,3,1,0
BRDA:62,4,0,0
BRDA:62,4,1,0
BRDA:62,5,0,0
BRDA:62,5,1,0
BRDA:64,6,0,0
BRDA:64,6,1,0
BRDA:65,7,0,0
BRDA:65,7,1,0
BRDA:72,8,0,0
BRDA:72,8,1,0
BRDA:84,9,0,0
BRDA:84,9,1,0
BRDA:97,10,0,0
BRDA:97,10,1,0
BRDA:109,11,0,0
BRDA:109,11,1,0
BRDA:120,12,0,0
BRDA:120,12,1,0
BRDA:121,13,0,0
BRDA:121,13,1,0
BRDA:125,14,0,0
BRDA:125,14,1,0
BRDA:126,15,0,0
BRDA:126,15,1,0
BRDA:132,16,0,0
BRDA:132,16,1,0
BRDA:134,17,0,0
BRDA:134,17,1,0
BRDA:138,18,0,0
BRDA:138,18,1,0
BRDA:138,19,0,0
BRDA:138,19,1,0
BRDA:177,20,0,0
BRDA:177,20,1,0
BRDA:178,21,0,0
BRDA:178,21,1,0
BRDA:186,22,0,0
BRDA:186,22,1,0
BRDA:186,23,0,0
BRDA:186,23,1,0
BRF:56
BRH:0
end_of_record
TN:
SF:src\controllers\leaveBalance-controller.js
FN:4,(anonymous_0)
FN:25,(anonymous_1)
FN:29,(anonymous_2)
FN:32,(anonymous_3)
FN:38,(anonymous_4)
FN:51,(anonymous_5)
FN:63,(anonymous_6)
FNF:7
FNH:0
FNDA:0,(anonymous_0)
FNDA:0,(anonymous_1)
FNDA:0,(anonymous_2)
FNDA:0,(anonymous_3)
FNDA:0,(anonymous_4)
FNDA:0,(anonymous_5)
FNDA:0,(anonymous_6)
DA:1,1
DA:2,1
DA:4,1
DA:5,0
DA:6,0
DA:7,0
DA:8,0
DA:11,0
DA:13,0
DA:14,0
DA:17,0
DA:21,0
DA:25,1
DA:26,0
DA:28,0
DA:30,0
DA:33,0
DA:34,0
DA:38,1
DA:39,0
DA:40,0
DA:41,0
DA:42,0
DA:47,0
DA:51,1
DA:52,0
DA:53,0
DA:54,0
DA:59,0
DA:63,1
DA:64,0
DA:65,0
DA:66,0
DA:67,0
DA:69,0
DA:70,0
DA:74,0
DA:78,0
LF:38
LH:7
BRDA:7,0,0,0
BRDA:7,0,1,0
BRDA:7,1,0,0
BRDA:7,1,1,0
BRDA:13,2,0,0
BRDA:13,2,1,0
BRDA:66,3,0,0
BRDA:66,3,1,0
BRDA:66,4,0,0
BRDA:66,4,1,0
BRF:10
BRH:0
end_of_record
TN:
SF:src\controllers\leaveRequest-controller.js
FN:13,(anonymous_0)
FN:69,(anonymous_1)
FN:71,(anonymous_2)
FN:86,(anonymous_3)
FN:99,(anonymous_4)
FN:111,(anonymous_5)
FN:148,(anonymous_6)
FN:190,(anonymous_7)
FN:208,(anonymous_8)
FN:237,(anonymous_9)
FN:257,(anonymous_10)
FN:288,(anonymous_11)
FN:307,(anonymous_12)
FN:328,(anonymous_13)
FN:344,(anonymous_14)
FN:364,(anonymous_15)
FN:376,(anonymous_16)
FN:388,(anonymous_17)
FN:400,(anonymous_18)
FN:411,(anonymous_19)
FN:422,(anonymous_20)
FN:433,(anonymous_21)
FN:448,(anonymous_22)
FN:470,(anonymous_23)
FN:495,(anonymous_24)
FN:517,(anonymous_25)
FN:542,(anonymous_26)
FN:564,(anonymous_27)
FN:589,(anonymous_28)
FN:611,(anonymous_29)
FN:636,(anonymous_30)
FN:658,(anonymous_31)
FNF:32
FNH:0
FNDA:0,(anonymous_0)
FNDA:0,(anonymous_1)
FNDA:0,(anonymous_2)
FNDA:0,(anonymous_3)
FNDA:0,(anonymous_4)
FNDA:0,(anonymous_5)
FNDA:0,(anonymous_6)
FNDA:0,(anonymous_7)
FNDA:0,(anonymous_8)
FNDA:0,(anonymous_9)
FNDA:0,(anonymous_10)
FNDA:0,(anonymous_11)
FNDA:0,(anonymous_12)
FNDA:0,(anonymous_13)
FNDA:0,(anonymous_14)
FNDA:0,(anonymous_15)
FNDA:0,(anonymous_16)
FNDA:0,(anonymous_17)
FNDA:0,(anonymous_18)
FNDA:0,(anonymous_19)
FNDA:0,(anonymous_20)
FNDA:0,(anonymous_21)
FNDA:0,(anonymous_22)
FNDA:0,(anonymous_23)
FNDA:0,(anonymous_24)
FNDA:0,(anonymous_25)
FNDA:0,(anonymous_26)
FNDA:0,(anonymous_27)
FNDA:0,(anonymous_28)
FNDA:0,(anonymous_29)
FNDA:0,(anonymous_30)
FNDA:0,(anonymous_31)
DA:1,1
DA:2,1
DA:3,1
DA:5,1
DA:6,1
DA:7,1
DA:8,1
DA:9,1
DA:10,1
DA:13,1
DA:14,0
DA:15,0
DA:18,0
DA:27,0
DA:30,0
DA:31,0
DA:34,0
DA:41,0
DA:67,0
DA:68,0
DA:69,0
DA:70,0
DA:71,0
DA:76,0
DA:79,0
DA:81,0
DA:86,1
DA:87,0
DA:88,0
DA:89,0
DA:92,0
DA:94,0
DA:95,0
DA:99,1
DA:100,0
DA:101,0
DA:103,0
DA:104,0
DA:106,0
DA:107,0
DA:111,1
DA:112,0
DA:113,0
DA:114,0
DA:115,0
DA:117,0
DA:119,0
DA:120,0
DA:121,0
DA:124,0
DA:125,0
DA:127,0
DA:133,0
DA:140,0
DA:144,0
DA:148,1
DA:149,0
DA:150,0
DA:152,0
DA:155,0
DA:157,0
DA:158,0
DA:161,0
DA:162,0
DA:166,0
DA:170,0
DA:172,0
DA:186,0
DA:190,1
DA:191,0
DA:192,0
DA:193,0
DA:195,0
DA:196,0
DA:199,0
DA:204,0
DA:208,1
DA:209,0
DA:210,0
DA:212,0
DA:213,0
DA:216,0
DA:217,0
DA:220,0
DA:221,0
DA:223,0
DA:230,0
DA:232,0
DA:233,0
DA:237,1
DA:238,0
DA:239,0
DA:240,0
DA:244,0
DA:245,0
DA:248,0
DA:253,0
DA:257,1
DA:258,0
DA:259,0
DA:260,0
DA:261,0
DA:264,0
DA:265,0
DA:267,0
DA:268,0
DA:271,0
DA:275,0
DA:280,0
DA:288,1
DA:289,0
DA:290,0
DA:291,0
DA:293,0
DA:298,0
DA:303,0
DA:307,1
DA:308,0
DA:309,0
DA:310,0
DA:311,0
DA:313,0
DA:319,0
DA:324,0
DA:328,1
DA:329,0
DA:331,0
DA:332,0
DA:334,0
DA:335,0
DA:338,0
DA:340,0
DA:344,1
DA:345,0
DA:347,0
DA:348,0
DA:351,0
DA:352,0
DA:353,0
DA:355,0
DA:356,0
DA:364,1
DA:365,0
DA:366,0
DA:367,0
DA:368,0
DA:370,0
DA:372,0
DA:376,1
DA:377,0
DA:378,0
DA:379,0
DA:384,0
DA:388,1
DA:389,0
DA:390,0
DA:392,0
DA:393,0
DA:395,0
DA:396,0
DA:400,1
DA:401,0
DA:403,0
DA:404,0
DA:406,0
DA:407,0
DA:411,1
DA:412,0
DA:414,0
DA:415,0
DA:417,0
DA:418,0
DA:422,1
DA:423,0
DA:425,0
DA:426,0
DA:428,0
DA:429,0
DA:433,1
DA:434,0
DA:436,0
DA:437,0
DA:439,0
DA:440,0
DA:448,1
DA:449,0
DA:450,0
DA:451,0
DA:453,0
DA:454,0
DA:455,0
DA:456,0
DA:458,0
DA:464,0
DA:466,0
DA:470,1
DA:471,0
DA:472,0
DA:473,0
DA:475,0
DA:476,0
DA:477,0
DA:478,0
DA:482,0
DA:489,0
DA:491,0
DA:495,1
DA:496,0
DA:497,0
DA:498,0
DA:500,0
DA:501,0
DA:502,0
DA:503,0
DA:505,0
DA:511,0
DA:513,0
DA:517,1
DA:518,0
DA:519,0
DA:520,0
DA:522,0
DA:523,0
DA:524,0
DA:525,0
DA:529,0
DA:536,0
DA:538,0
DA:542,1
DA:543,0
DA:544,0
DA:545,0
DA:547,0
DA:548,0
DA:549,0
DA:550,0
DA:552,0
DA:558,0
DA:560,0
DA:564,1
DA:565,0
DA:566,0
DA:567,0
DA:569,0
DA:570,0
DA:571,0
DA:572,0
DA:576,0
DA:583,0
DA:585,0
DA:589,1
DA:590,0
DA:591,0
DA:592,0
DA:594,0
DA:595,0
DA:596,0
DA:597,0
DA:599,0
DA:605,0
DA:607,0
DA:611,1
DA:612,0
DA:613,0
DA:614,0
DA:616,0
DA:617,0
DA:618,0
DA:619,0
DA:623,0
DA:630,0
DA:632,0
DA:636,1
DA:637,0
DA:638,0
DA:639,0
DA:641,0
DA:642,0
DA:643,0
DA:644,0
DA:646,0
DA:652,0
DA:654,0
DA:658,1
DA:659,0
DA:660,0
DA:661,0
DA:663,0
DA:664,0
DA:665,0
DA:666,0
DA:670,0
DA:677,0
DA:679,0
LF:294
LH:39
BRDA:27,0,0,0
BRDA:27,0,1,0
BRDA:27,1,0,0
BRDA:27,1,1,0
BRDA:30,2,0,0
BRDA:30,2,1,0
BRDA:30,3,0,0
BRDA:30,3,1,0
BRDA:45,4,0,0
BRDA:45,4,1,0
BRDA:68,5,0,0
BRDA:68,5,1,0
BRDA:68,6,0,0
BRDA:68,6,1,0
BRDA:117,7,0,0
BRDA:117,7,1,0
BRDA:119,8,0,0
BRDA:119,8,1,0
BRDA:125,9,0,0
BRDA:125,9,1,0
BRDA:137,10,0,0
BRDA:137,10,1,0
BRDA:138,11,0,0
BRDA:138,11,1,0
BRDA:157,12,0,0
BRDA:157,12,1,0
BRDA:161,13,0,0
BRDA:161,13,1,0
BRDA:161,14,0,0
BRDA:161,14,1,0
BRDA:176,15,0,0
BRDA:176,15,1,0
BRDA:195,16,0,0
BRDA:195,16,1,0
BRDA:210,17,0,0
BRDA:210,17,1,0
BRDA:212,18,0,0
BRDA:212,18,1,0
BRDA:216,19,0,0
BRDA:216,19,1,0
BRDA:221,20,0,0
BRDA:221,20,1,0
BRDA:230,21,0,0
BRDA:230,21,1,0
BRDA:244,22,0,0
BRDA:244,22,1,0
BRDA:264,23,0,0
BRDA:264,23,1,0
BRDA:267,24,0,0
BRDA:267,24,1,0
BRDA:334,25,0,0
BRDA:334,25,1,0
BRDA:345,26,0,0
BRDA:345,26,1,0
BRDA:347,27,0,0
BRDA:347,27,1,0
BRDA:367,28,0,0
BRDA:367,28,1,0
BRDA:454,29,0,0
BRDA:454,29,1,0
BRDA:454,30,0,0
BRDA:454,30,1,0
BRDA:476,31,0,0
BRDA:476,31,1,0
BRDA:476,32,0,0
BRDA:476,32,1,0
BRDA:501,33,0,0
BRDA:501,33,1,0
BRDA:501,34,0,0
BRDA:501,34,1,0
BRDA:523,35,0,0
BRDA:523,35,1,0
BRDA:523,36,0,0
BRDA:523,36,1,0
BRDA:548,37,0,0
BRDA:548,37,1,0
BRDA:548,38,0,0
BRDA:548,38,1,0
BRDA:570,39,0,0
BRDA:570,39,1,0
BRDA:570,40,0,0
BRDA:570,40,1,0
BRDA:595,41,0,0
BRDA:595,41,1,0
BRDA:595,42,0,0
BRDA:595,42,1,0
BRDA:617,43,0,0
BRDA:617,43,1,0
BRDA:617,44,0,0
BRDA:617,44,1,0
BRDA:642,45,0,0
BRDA:642,45,1,0
BRDA:642,46,0,0
BRDA:642,46,1,0
BRDA:664,47,0,0
BRDA:664,47,1,0
BRDA:664,48,0,0
BRDA:664,48,1,0
BRF:98
BRH:0
end_of_record
TN:
SF:src\controllers\leaveType-controller.js
FN:5,(anonymous_0)
FN:20,(anonymous_1)
FN:77,(anonymous_2)
FN:95,(anonymous_3)
FN:106,(anonymous_4)
FN:129,(anonymous_5)
FNF:6
FNH:0
FNDA:0,(anonymous_0)
FNDA:0,(anonymous_1)
FNDA:0,(anonymous_2)
FNDA:0,(anonymous_3)
FNDA:0,(anonymous_4)
FNDA:0,(anonymous_5)
DA:1,1
DA:2,1
DA:3,1
DA:5,1
DA:6,0
DA:7,0
DA:8,0
DA:10,0
DA:11,0
DA:12,0
DA:16,0
DA:20,1
DA:21,0
DA:22,0
DA:23,0
DA:24,0
DA:25,0
DA:27,0
DA:28,0
DA:31,0
DA:35,0
DA:37,0
DA:38,0
DA:40,0
DA:43,0
DA:49,0
DA:54,0
DA:77,1
DA:78,0
DA:79,0
DA:80,0
DA:82,0
DA:83,0
DA:86,0
DA:87,0
DA:89,0
DA:91,0
DA:95,1
DA:96,0
DA:97,0
DA:98,0
DA:102,0
DA:106,1
DA:107,0
DA:108,0
DA:109,0
DA:111,0
DA:112,0
DA:115,0
DA:117,0
DA:118,0
DA:121,0
DA:125,0
DA:129,1
DA:130,0
DA:131,0
DA:132,0
DA:137,0
DA:138,0
LF:59
LH:9
BRDA:8,0,0,0
BRDA:8,0,1,0
BRDA:27,1,0,0
BRDA:27,1,1,0
BRDA:27,2,0,0
BRDA:27,2,1,0
BRDA:35,3,0,0
BRDA:35,3,1,0
BRDA:82,4,0,0
BRDA:82,4,1,0
BRDA:82,5,0,0
BRDA:82,5,1,0
BRDA:87,6,0,0
BRDA:87,6,1,0
BRDA:111,7,0,0
BRDA:111,7,1,0
BRDA:111,8,0,0
BRDA:111,8,1,0
BRDA:117,9,0,0
BRDA:117,9,1,0
BRF:20
BRH:0
end_of_record
TN:
SF:src\controllers\reportController.js
FN:38,(anonymous_0)
FN:62,(anonymous_1)
FN:87,(anonymous_2)
FN:90,(anonymous_3)
FN:94,(anonymous_4)
FN:97,(anonymous_5)
FN:105,(anonymous_6)
FN:106,(anonymous_7)
FN:107,(anonymous_8)
FN:121,(anonymous_9)
FN:225,(anonymous_10)
FN:226,(anonymous_11)
FN:233,(anonymous_12)
FN:243,(anonymous_13)
FN:274,(anonymous_14)
FN:301,formatThaiDateFull
FN:336,(anonymous_16)
FN:337,(anonymous_17)
FN:339,(anonymous_18)
FN:361,(anonymous_19)
FN:398,(anonymous_20)
FN:420,(anonymous_21)
FN:444,(anonymous_22)
FN:453,(anonymous_23)
FN:486,(anonymous_24)
FN:487,(anonymous_25)
FN:488,(anonymous_26)
FN:489,(anonymous_27)
FN:492,(anonymous_28)
FN:493,(anonymous_29)
FN:502,(anonymous_30)
FN:556,(anonymous_31)
FN:594,(anonymous_32)
FN:605,(anonymous_33)
FN:637,(anonymous_34)
FN:663,(anonymous_35)
FN:696,(anonymous_36)
FN:699,(anonymous_37)
FN:706,(anonymous_38)
FN:732,(anonymous_39)
FN:771,(anonymous_40)
FN:845,(anonymous_41)
FNF:42
FNH:0
FNDA:0,(anonymous_0)
FNDA:0,(anonymous_1)
FNDA:0,(anonymous_2)
FNDA:0,(anonymous_3)
FNDA:0,(anonymous_4)
FNDA:0,(anonymous_5)
FNDA:0,(anonymous_6)
FNDA:0,(anonymous_7)
FNDA:0,(anonymous_8)
FNDA:0,(anonymous_9)
FNDA:0,(anonymous_10)
FNDA:0,(anonymous_11)
FNDA:0,(anonymous_12)
FNDA:0,(anonymous_13)
FNDA:0,(anonymous_14)
FNDA:0,formatThaiDateFull
FNDA:0,(anonymous_16)
FNDA:0,(anonymous_17)
FNDA:0,(anonymous_18)
FNDA:0,(anonymous_19)
FNDA:0,(anonymous_20)
FNDA:0,(anonymous_21)
FNDA:0,(anonymous_22)
FNDA:0,(anonymous_23)
FNDA:0,(anonymous_24)
FNDA:0,(anonymous_25)
FNDA:0,(anonymous_26)
FNDA:0,(anonymous_27)
FNDA:0,(anonymous_28)
FNDA:0,(anonymous_29)
FNDA:0,(anonymous_30)
FNDA:0,(anonymous_31)
FNDA:0,(anonymous_32)
FNDA:0,(anonymous_33)
FNDA:0,(anonymous_34)
FNDA:0,(anonymous_35)
FNDA:0,(anonymous_36)
FNDA:0,(anonymous_37)
FNDA:0,(anonymous_38)
FNDA:0,(anonymous_39)
FNDA:0,(anonymous_40)
FNDA:0,(anonymous_41)
DA:1,1
DA:2,1
DA:3,1
DA:4,1
DA:5,1
DA:6,1
DA:7,1
DA:8,1
DA:26,1
DA:27,1
DA:28,1
DA:30,1
DA:36,1
DA:38,1
DA:39,0
DA:40,0
DA:41,0
DA:42,0
DA:43,0
DA:49,0
DA:50,0
DA:51,0
DA:57,0
DA:58,0
DA:60,0
DA:62,0
DA:63,0
DA:64,0
DA:65,0
DA:68,0
DA:69,0
DA:74,0
DA:77,0
DA:78,0
DA:79,0
DA:84,0
DA:85,0
DA:87,0
DA:88,0
DA:90,0
DA:91,0
DA:92,0
DA:94,0
DA:95,0
DA:97,0
DA:98,0
DA:99,0
DA:102,0
DA:105,0
DA:106,0
DA:107,0
DA:109,0
DA:110,0
DA:113,0
DA:115,0
DA:117,0
DA:119,0
DA:121,0
DA:122,0
DA:123,0
DA:133,0
DA:142,0
DA:206,0
DA:207,0
DA:208,0
DA:209,0
DA:211,0
DA:214,0
DA:216,0
DA:217,0
DA:222,0
DA:223,0
DA:225,0
DA:226,0
DA:227,0
DA:228,0
DA:233,0
DA:234,0
DA:235,0
DA:238,0
DA:239,0
DA:243,1
DA:244,0
DA:245,0
DA:247,0
DA:248,0
DA:250,0
DA:251,0
DA:254,0
DA:260,0
DA:268,0
DA:269,0
DA:274,1
DA:275,0
DA:276,0
DA:277,0
DA:278,0
DA:280,0
DA:281,0
DA:283,0
DA:284,0
DA:286,0
DA:287,0
DA:290,0
DA:296,0
DA:297,0
DA:302,0
DA:317,0
DA:318,0
DA:319,0
DA:320,0
DA:321,0
DA:325,0
DA:335,0
DA:336,0
DA:337,0
DA:339,0
DA:340,0
DA:341,0
DA:342,0
DA:343,0
DA:347,0
DA:348,0
DA:359,0
DA:361,0
DA:362,0
DA:394,0
DA:399,0
DA:402,0
DA:416,0
DA:421,0
DA:424,0
DA:442,0
DA:444,0
DA:445,0
DA:446,0
DA:447,0
DA:448,0
DA:453,0
DA:454,0
DA:457,0
DA:462,0
DA:469,0
DA:470,0
DA:473,0
DA:486,0
DA:487,0
DA:488,0
DA:489,0
DA:492,0
DA:493,0
DA:499,0
DA:500,0
DA:502,0
DA:504,0
DA:505,0
DA:506,0
DA:507,0
DA:511,0
DA:513,0
DA:536,0
DA:544,0
DA:545,0
DA:546,0
DA:550,0
DA:551,0
DA:555,0
DA:556,0
DA:566,0
DA:568,0
DA:594,0
DA:596,0
DA:605,0
DA:606,0
DA:609,0
DA:630,0
DA:638,0
DA:639,0
DA:642,0
DA:656,0
DA:664,0
DA:665,0
DA:668,0
DA:684,0
DA:688,0
DA:689,0
DA:690,0
DA:691,0
DA:694,0
DA:696,0
DA:697,0
DA:699,0
DA:700,0
DA:707,0
DA:712,0
DA:728,0
DA:733,0
DA:734,0
DA:739,0
DA:761,0
DA:762,0
DA:765,0
DA:768,0
DA:771,0
DA:827,0
DA:845,0
DA:865,0
DA:867,0
DA:871,0
DA:875,0
DA:877,0
DA:880,0
DA:881,0
LF:213
LH:16
BRDA:41,0,0,0
BRDA:41,0,1,0
BRDA:43,1,0,0
BRDA:43,1,1,0
BRDA:45,2,0,0
BRDA:45,2,1,0
BRDA:49,3,0,0
BRDA:49,3,1,0
BRDA:50,4,0,0
BRDA:50,4,1,0
BRDA:50,5,0,0
BRDA:50,5,1,0
BRDA:57,6,0,0
BRDA:57,6,1,0
BRDA:57,7,0,0
BRDA:57,7,1,0
BRDA:57,7,2,0
BRDA:63,8,0,0
BRDA:63,8,1,0
BRDA:64,9,0,0
BRDA:64,9,1,0
BRDA:65,10,0,0
BRDA:65,10,1,0
BRDA:68,11,0,0
BRDA:68,11,1,0
BRDA:74,12,0,0
BRDA:74,12,1,0
BRDA:84,13,0,0
BRDA:84,13,1,0
BRDA:84,13,2,0
BRDA:85,14,0,0
BRDA:85,14,1,0
BRDA:85,15,0,0
BRDA:85,15,1,0
BRDA:87,16,0,0
BRDA:87,16,1,0
BRDA:88,17,0,0
BRDA:88,17,1,0
BRDA:91,18,0,0
BRDA:91,18,1,0
BRDA:92,19,0,0
BRDA:92,19,1,0
BRDA:94,20,0,0
BRDA:94,20,1,0
BRDA:95,21,0,0
BRDA:95,21,1,0
BRDA:98,22,0,0
BRDA:98,22,1,0
BRDA:99,23,0,0
BRDA:99,23,1,0
BRDA:109,24,0,0
BRDA:109,24,1,0
BRDA:110,25,0,0
BRDA:110,25,1,0
BRDA:122,26,0,0
BRDA:122,26,1,0
BRDA:123,27,0,0
BRDA:123,27,1,0
BRDA:133,28,0,0
BRDA:133,28,1,0
BRDA:143,29,0,0
BRDA:143,29,1,0
BRDA:144,30,0,0
BRDA:144,30,1,0
BRDA:145,31,0,0
BRDA:145,31,1,0
BRDA:146,32,0,0
BRDA:146,32,1,0
BRDA:147,33,0,0
BRDA:147,33,1,0
BRDA:148,34,0,0
BRDA:148,34,1,0
BRDA:149,35,0,0
BRDA:149,35,1,0
BRDA:150,36,0,0
BRDA:150,36,1,0
BRDA:151,37,0,0
BRDA:151,37,1,0
BRDA:152,38,0,0
BRDA:152,38,1,0
BRDA:153,39,0,0
BRDA:153,39,1,0
BRDA:154,40,0,0
BRDA:154,40,1,0
BRDA:155,41,0,0
BRDA:155,41,1,0
BRDA:156,42,0,0
BRDA:156,42,1,0
BRDA:157,43,0,0
BRDA:157,43,1,0
BRDA:158,44,0,0
BRDA:158,44,1,0
BRDA:159,45,0,0
BRDA:159,45,1,0
BRDA:160,46,0,0
BRDA:160,46,1,0
BRDA:161,47,0,0
BRDA:161,47,1,0
BRDA:162,48,0,0
BRDA:162,48,1,0
BRDA:163,49,0,0
BRDA:163,49,1,0
BRDA:164,50,0,0
BRDA:164,50,1,0
BRDA:165,51,0,0
BRDA:165,51,1,0
BRDA:166,52,0,0
BRDA:166,52,1,0
BRDA:167,53,0,0
BRDA:167,53,1,0
BRDA:168,54,0,0
BRDA:168,54,1,0
BRDA:169,55,0,0
BRDA:169,55,1,0
BRDA:170,56,0,0
BRDA:170,56,1,0
BRDA:171,57,0,0
BRDA:171,57,1,0
BRDA:172,58,0,0
BRDA:172,58,1,0
BRDA:173,59,0,0
BRDA:173,59,1,0
BRDA:174,60,0,0
BRDA:174,60,1,0
BRDA:175,61,0,0
BRDA:175,61,1,0
BRDA:176,62,0,0
BRDA:176,62,1,0
BRDA:177,63,0,0
BRDA:177,63,1,0
BRDA:178,64,0,0
BRDA:178,64,1,0
BRDA:179,65,0,0
BRDA:179,65,1,0
BRDA:180,66,0,0
BRDA:180,66,1,0
BRDA:182,67,0,0
BRDA:182,67,1,0
BRDA:185,68,0,0
BRDA:185,68,1,0
BRDA:186,69,0,0
BRDA:186,69,1,0
BRDA:201,70,0,0
BRDA:201,70,1,0
BRDA:227,71,0,0
BRDA:227,71,1,0
BRDA:247,72,0,0
BRDA:247,72,1,0
BRDA:250,73,0,0
BRDA:250,73,1,0
BRDA:250,74,0,0
BRDA:250,74,1,0
BRDA:277,75,0,0
BRDA:277,75,1,0
BRDA:280,76,0,0
BRDA:280,76,1,0
BRDA:283,77,0,0
BRDA:283,77,1,0
BRDA:283,78,0,0
BRDA:283,78,1,0
BRDA:286,79,0,0
BRDA:286,79,1,0
BRDA:296,80,0,0
BRDA:296,80,1,0
BRDA:296,81,0,0
BRDA:296,81,1,0
BRDA:336,82,0,0
BRDA:336,82,1,0
BRDA:341,83,0,0
BRDA:341,83,1,0
BRDA:342,84,0,0
BRDA:342,84,1,0
BRDA:343,85,0,0
BRDA:343,85,1,0
BRDA:343,86,0,0
BRDA:343,86,1,0
BRDA:347,87,0,0
BRDA:347,87,1,0
BRDA:408,88,0,0
BRDA:408,88,1,0
BRDA:429,89,0,0
BRDA:429,89,1,0
BRDA:435,90,0,0
BRDA:435,90,1,0
BRDA:449,91,0,0
BRDA:449,91,1,0
BRDA:460,92,0,0
BRDA:460,92,1,0
BRDA:465,93,0,0
BRDA:465,93,1,0
BRDA:469,94,0,0
BRDA:469,94,1,0
BRDA:511,95,0,0
BRDA:511,95,1,0
BRDA:511,96,0,0
BRDA:511,96,1,0
BRDA:555,97,0,0
BRDA:555,97,1,0
BRDA:556,98,0,0
BRDA:558,99,0,0
BRDA:559,100,0,0
BRDA:560,101,0,0
BRDA:561,102,0,0
BRDA:565,103,0,0
BRDA:571,104,0,0
BRDA:571,104,1,0
BRDA:577,105,0,0
BRDA:577,105,1,0
BRDA:586,106,0,0
BRDA:586,106,1,0
BRDA:638,107,0,0
BRDA:638,107,1,0
BRDA:645,108,0,0
BRDA:645,108,1,0
BRDA:664,109,0,0
BRDA:664,109,1,0
BRDA:671,110,0,0
BRDA:671,110,1,0
BRDA:675,111,0,0
BRDA:675,111,1,0
BRDA:705,112,0,0
BRDA:705,112,1,0
BRDA:714,113,0,0
BRDA:714,113,1,0
BRDA:717,114,0,0
BRDA:717,114,1,0
BRDA:721,115,0,0
BRDA:721,115,1,0
BRDA:733,116,0,0
BRDA:733,116,1,0
BRDA:761,117,0,0
BRDA:761,117,1,0
BRF:232
BRH:0
end_of_record
TN:
SF:src\controllers\setting-controller.js
FN:3,(anonymous_0)
FN:18,(anonymous_1)
FN:33,(anonymous_2)
FN:42,(anonymous_3)
FN:52,(anonymous_4)
FN:61,(anonymous_5)
FNF:6
FNH:0
FNDA:0,(anonymous_0)
FNDA:0,(anonymous_1)
FNDA:0,(anonymous_2)
FNDA:0,(anonymous_3)
FNDA:0,(anonymous_4)
FNDA:0,(anonymous_5)
DA:1,1
DA:3,1
DA:4,0
DA:5,0
DA:6,0
DA:7,0
DA:8,0
DA:11,0
DA:12,0
DA:14,0
DA:18,1
DA:19,0
DA:20,0
DA:21,0
DA:23,0
DA:24,0
DA:27,0
DA:29,0
DA:33,1
DA:34,0
DA:35,0
DA:36,0
DA:38,0
DA:42,1
DA:43,0
DA:44,0
DA:45,0
DA:46,0
DA:48,0
DA:52,1
DA:53,0
DA:54,0
DA:55,0
DA:57,0
DA:61,1
DA:62,0
DA:63,0
DA:64,0
DA:66,0
LF:39
LH:7
BRDA:5,0,0,0
BRDA:5,0,1,0
BRDA:5,1,0,0
BRDA:5,1,1,0
BRDA:5,1,2,0
BRDA:23,2,0,0
BRDA:23,2,1,0
BRDA:45,3,0,0
BRDA:45,3,1,0
BRF:9
BRH:0
end_of_record
TN:
SF:src\controllers\signature-controller.js
FN:4,(anonymous_0)
FN:25,(anonymous_1)
FN:34,(anonymous_2)
FN:43,(anonymous_3)
FN:63,(anonymous_4)
FN:73,(anonymous_5)
FN:84,(anonymous_6)
FN:92,(anonymous_7)
FNF:8
FNH:0
FNDA:0,(anonymous_0)
FNDA:0,(anonymous_1)
FNDA:0,(anonymous_2)
FNDA:0,(anonymous_3)
FNDA:0,(anonymous_4)
FNDA:0,(anonymous_5)
FNDA:0,(anonymous_6)
FNDA:0,(anonymous_7)
DA:1,1
DA:2,1
DA:4,1
DA:5,0
DA:6,0
DA:8,0
DA:9,0
DA:10,0
DA:13,0
DA:14,0
DA:19,0
DA:21,0
DA:25,1
DA:26,0
DA:27,0
DA:28,0
DA:30,0
DA:34,1
DA:35,0
DA:36,0
DA:37,0
DA:39,0
DA:43,1
DA:44,0
DA:45,0
DA:46,0
DA:48,0
DA:51,0
DA:52,0
DA:53,0
DA:56,0
DA:57,0
DA:59,0
DA:63,1
DA:64,0
DA:65,0
DA:66,0
DA:67,0
DA:69,0
DA:73,1
DA:74,0
DA:75,0
DA:76,0
DA:77,0
DA:78,0
DA:80,0
DA:84,1
DA:85,0
DA:86,0
DA:87,0
DA:89,0
DA:92,1
DA:93,0
DA:94,0
DA:95,0
DA:96,0
DA:98,0
LF:57
LH:10
BRDA:9,0,0,0
BRDA:9,0,1,0
BRDA:21,1,0,0
BRDA:21,1,1,0
BRDA:39,2,0,0
BRDA:39,2,1,0
BRDA:51,3,0,0
BRDA:51,3,1,0
BRDA:59,4,0,0
BRDA:59,4,1,0
BRDA:69,5,0,0
BRDA:69,5,1,0
BRDA:80,6,0,0
BRDA:80,6,1,0
BRDA:89,7,0,0
BRDA:89,7,1,0
BRDA:98,8,0,0
BRDA:98,8,1,0
BRF:18
BRH:0
end_of_record
TN:
SF:src\controllers\test-controller.js
FN:6,(anonymous_0)
FN:45,(anonymous_1)
FNF:2
FNH:0
FNDA:0,(anonymous_0)
FNDA:0,(anonymous_1)
DA:1,1
DA:2,1
DA:3,1
DA:4,1
DA:6,1
DA:7,0
DA:9,0
DA:10,0
DA:11,0
DA:12,0
DA:15,0
DA:16,0
DA:17,0
DA:21,0
DA:23,0
DA:24,0
DA:25,0
DA:28,0
DA:29,0
DA:36,0
DA:39,0
DA:41,0
DA:45,1
DA:46,0
DA:47,0
DA:52,0
DA:54,0
DA:55,0
LF:28
LH:6
BRDA:10,0,0,0
BRDA:10,0,1,0
BRDA:15,1,0,0
BRDA:15,1,1,0
BRDA:15,2,0,0
BRDA:15,2,1,0
BRDA:23,3,0,0
BRDA:23,3,1,0
BRF:8
BRH:0
end_of_record
TN:
SF:src\middlewares\auth.js
FN:33,(anonymous_0)
FN:33,(anonymous_1)
FN:59,(anonymous_2)
FN:68,(anonymous_3)
FN:97,(anonymous_4)
FNF:5
FNH:1
FNDA:74,(anonymous_0)
FNDA:0,(anonymous_1)
FNDA:0,(anonymous_2)
FNDA:0,(anonymous_3)
FNDA:0,(anonymous_4)
DA:1,1
DA:2,1
DA:3,1
DA:33,74
DA:57,0
DA:58,0
DA:59,0
DA:60,0
DA:65,0
DA:68,1
DA:69,0
DA:70,0
DA:72,0
DA:73,0
DA:78,0
DA:81,0
DA:84,0
DA:93,0
DA:96,0
DA:97,0
DA:102,0
DA:103,0
DA:112,0
DA:114,0
DA:120,1
LF:25
LH:6
BRDA:57,0,0,0
BRDA:57,0,1,0
BRDA:57,0,2,0
BRDA:58,1,0,0
BRDA:58,1,1,0
BRDA:60,2,0,0
BRDA:60,2,1,0
BRDA:72,3,0,0
BRDA:72,3,1,0
BRDA:72,4,0,0
BRDA:72,4,1,0
BRDA:93,5,0,0
BRDA:93,5,1,0
BRDA:96,6,0,0
BRDA:96,6,1,0
BRF:15
BRH:0
end_of_record
TN:
SF:src\middlewares\error.js
FN:1,(anonymous_0)
FNF:1
FNH:0
FNDA:0,(anonymous_0)
DA:1,1
DA:2,0
DA:3,0
DA:6,1
LF:4
LH:2
BRDA:3,0,0,0
BRDA:3,0,1,0
BRDA:3,1,0,0
BRDA:3,1,1,0
BRF:4
BRH:0
end_of_record
TN:
SF:src\middlewares\fileUpload.js
FN:8,(anonymous_0)
FN:11,(anonymous_1)
FN:20,(anonymous_2)
FN:23,(anonymous_3)
FN:31,(anonymous_4)
FNF:5
FNH:0
FNDA:0,(anonymous_0)
FNDA:0,(anonymous_1)
FNDA:0,(anonymous_2)
FNDA:0,(anonymous_3)
FNDA:0,(anonymous_4)
DA:1,1
DA:3,1
DA:4,1
DA:7,1
DA:9,0
DA:12,0
DA:13,0
DA:14,0
DA:19,1
DA:21,0
DA:24,0
DA:25,0
DA:26,0
DA:31,1
DA:32,0
DA:34,0
DA:35,0
DA:37,0
DA:38,0
DA:40,0
DA:45,1
DA:51,1
LF:22
LH:8
BRDA:37,0,0,0
BRDA:37,0,1,0
BRDA:37,1,0,0
BRDA:37,1,1,0
BRF:4
BRH:0
end_of_record
TN:
SF:src\middlewares\notFound.js
FN:1,(anonymous_0)
FNF:1
FNH:0
FNDA:0,(anonymous_0)
DA:1,1
DA:2,0
DA:5,1
LF:3
LH:2
BRF:0
BRH:0
end_of_record
TN:
SF:src\middlewares\rateLimit.js
FNF:0
FNH:0
DA:1,1
DA:3,1
DA:9,1
DA:15,1
DA:21,1
DA:27,1
LF:6
LH:6
BRF:0
BRH:0
end_of_record
TN:
SF:src\middlewares\upload.js
FN:40,(anonymous_0)
FN:41,(anonymous_1)
FNF:2
FNH:0
FNDA:0,(anonymous_0)
FNDA:0,(anonymous_1)
DA:31,1
DA:32,1
DA:33,1
DA:36,1
DA:37,1
DA:39,1
DA:40,0
DA:41,0
DA:44,1
LF:9
LH:7
BRDA:37,0,0,0
BRDA:37,0,1,1
BRF:2
BRH:1
end_of_record
TN:
SF:src\routes\admin-route.js
FNF:0
FNH:0
DA:1,1
DA:2,1
DA:3,1
DA:4,1
DA:5,1
DA:6,1
DA:7,1
DA:38,1
DA:41,1
DA:49,1
DA:55,1
DA:62,1
DA:63,1
DA:64,1
DA:65,1
DA:69,1
DA:70,1
DA:71,1
DA:72,1
DA:75,1
DA:80,1
DA:81,1
DA:82,1
DA:83,1
DA:87,1
DA:88,1
DA:89,1
DA:90,1
DA:91,1
DA:94,1
DA:97,1
DA:98,1
DA:99,1
DA:100,1
DA:101,1
DA:104,1
DA:105,1
DA:106,1
DA:107,1
DA:108,1
DA:111,1
DA:112,1
DA:117,1
DA:123,1
DA:124,1
DA:125,1
DA:126,1
DA:127,1
DA:130,1
DA:131,1
DA:134,1
DA:135,1
DA:136,1
DA:137,1
DA:138,1
DA:141,1
LF:56
LH:56
BRF:0
BRH:0
end_of_record
TN:
SF:src\routes\admin-user-route.js
FNF:0
FNH:0
DA:1,1
DA:2,1
DA:3,1
DA:4,1
DA:6,1
DA:8,1
LF:6
LH:6
BRF:0
BRH:0
end_of_record
TN:
SF:src\routes\api-route.js
FNF:0
FNH:0
DA:1,1
DA:2,1
DA:3,1
DA:4,1
DA:5,1
DA:8,1
DA:9,1
DA:10,1
DA:13,1
DA:14,1
DA:17,1
DA:18,1
DA:20,1
LF:13
LH:13
BRF:0
BRH:0
end_of_record
TN:
SF:src\routes\auth-route.js
FN:108,(anonymous_0)
FN:165,(anonymous_1)
FN:170,(anonymous_2)
FN:175,(anonymous_3)
FN:188,(anonymous_4)
FNF:5
FNH:0
FNDA:0,(anonymous_0)
FNDA:0,(anonymous_1)
FNDA:0,(anonymous_2)
FNDA:0,(anonymous_3)
FNDA:0,(anonymous_4)
DA:1,1
DA:2,1
DA:3,1
DA:5,1
DA:7,1
DA:8,1
DA:9,1
DA:10,1
DA:11,1
DA:12,1
DA:13,1
DA:20,1
DA:21,1
DA:22,1
DA:24,1
DA:25,1
DA:26,1
DA:27,1
DA:33,1
DA:34,1
DA:35,1
DA:41,1
DA:42,1
DA:43,1
DA:49,1
DA:50,1
DA:51,1
DA:52,1
DA:53,1
DA:59,1
DA:60,1
DA:61,1
DA:62,1
DA:63,1
DA:69,1
DA:70,1
DA:71,1
DA:72,1
DA:73,1
DA:93,1
DA:105,1
DA:109,0
DA:112,0
DA:122,0
DA:123,0
DA:127,0
DA:128,0
DA:129,0
DA:132,0
DA:135,0
DA:136,0
DA:138,0
DA:141,0
DA:142,0
DA:146,0
DA:153,0
DA:154,0
DA:159,0
DA:165,1
DA:167,0
DA:170,1
DA:171,0
DA:175,1
DA:176,0
DA:177,0
DA:179,0
DA:180,0
DA:182,0
DA:188,1
DA:189,0
DA:190,0
DA:191,0
DA:192,0
DA:193,0
DA:195,0
DA:199,0
DA:201,0
DA:202,0
DA:203,0
DA:207,0
DA:211,0
DA:213,0
DA:217,1
LF:83
LH:46
BRDA:123,0,0,0
BRDA:123,0,1,0
BRDA:127,1,0,0
BRDA:127,1,1,0
BRDA:135,2,0,0
BRDA:135,2,1,0
BRDA:135,3,0,0
BRDA:135,3,1,0
BRDA:141,4,0,0
BRDA:141,4,1,0
BRDA:193,5,0,0
BRDA:193,5,1,0
BRDA:202,6,0,0
BRDA:202,6,1,0
BRF:14
BRH:0
end_of_record
TN:
SF:src\routes\exel-route.js
FNF:0
FNH:0
DA:1,1
DA:2,1
DA:3,1
DA:4,1
DA:6,1
DA:7,1
DA:9,1
DA:11,1
LF:8
LH:8
BRF:0
BRH:0
end_of_record
TN:
SF:src\routes\leaveBalance-route.js
FNF:0
FNH:0
DA:1,1
DA:2,1
DA:3,1
DA:4,1
DA:6,1
DA:7,1
DA:8,1
DA:14,1
LF:8
LH:8
BRF:0
BRH:0
end_of_record
TN:
SF:src\routes\leaveRequest-route.js
FNF:0
FNH:0
DA:1,1
DA:2,1
DA:3,1
DA:4,1
DA:5,1
DA:7,1
DA:10,1
DA:18,1
DA:25,1
DA:26,1
DA:28,1
DA:35,1
DA:36,1
DA:37,1
DA:40,1
DA:47,1
DA:50,1
DA:65,1
DA:79,1
DA:93,1
DA:96,1
DA:102,1
DA:109,1
DA:117,1
DA:125,1
DA:133,1
DA:141,1
DA:149,1
DA:155,1
DA:163,1
DA:169,1
DA:177,1
DA:183,1
DA:191,1
DA:197,1
DA:205,1
DA:211,1
DA:217,1
LF:38
LH:38
BRF:0
BRH:0
end_of_record
TN:
SF:src\routes\leaveType-route.js
FNF:0
FNH:0
DA:1,1
DA:2,1
DA:3,1
DA:4,1
DA:7,1
DA:9,1
DA:10,1
DA:11,1
DA:12,1
DA:13,1
DA:24,1
LF:11
LH:11
BRF:0
BRH:0
end_of_record
TN:
SF:src\routes\lookup-routes.js
FNF:0
FNH:0
DA:2,1
DA:3,1
DA:4,1
DA:6,1
DA:7,1
DA:8,1
DA:9,1
DA:10,1
LF:8
LH:8
BRF:0
BRH:0
end_of_record
TN:
SF:src\routes\setting-route.js
FNF:0
FNH:0
DA:1,1
DA:2,1
DA:3,1
DA:5,1
DA:6,1
DA:7,1
DA:8,1
DA:9,1
DA:10,1
DA:12,1
LF:10
LH:10
BRF:0
BRH:0
end_of_record
TN:
SF:src\routes\signature-route.js
FNF:0
FNH:0
DA:1,1
DA:2,1
DA:3,1
DA:4,1
DA:5,1
DA:7,1
DA:8,1
DA:9,1
DA:10,1
DA:11,1
DA:12,1
DA:13,1
DA:15,1
LF:13
LH:13
BRF:0
BRH:0
end_of_record
TN:
SF:src\routes\test-route.js
FNF:0
FNH:0
DA:1,1
DA:2,1
DA:3,1
DA:5,1
DA:7,1
DA:8,1
DA:10,1
LF:7
LH:7
BRF:0
BRH:0
end_of_record
TN:
SF:src\routes\user-route.js
FNF:0
FNH:0
DA:2,1
DA:3,1
DA:4,1
DA:5,1
DA:6,1
DA:8,1
DA:11,1
DA:19,1
DA:22,1
DA:23,1
DA:24,1
DA:27,1
DA:35,1
DA:46,1
DA:49,1
DA:59,1
DA:60,1
DA:61,1
DA:62,1
DA:63,1
DA:65,1
DA:66,1
DA:67,1
DA:68,1
DA:69,1
DA:71,1
DA:72,1
DA:73,1
DA:74,1
DA:75,1
DA:77,1
DA:78,1
DA:79,1
DA:81,1
DA:83,1
LF:35
LH:35
BRF:0
BRH:0
end_of_record
TN:
SF:src\services\admin-service.js
FN:13,(anonymous_0)
FN:35,(anonymous_1)
FN:43,(anonymous_2)
FN:86,(anonymous_3)
FN:92,(anonymous_4)
FN:100,(anonymous_5)
FN:108,(anonymous_6)
FN:180,(anonymous_7)
FN:183,(anonymous_8)
FN:197,(anonymous_9)
FN:209,(anonymous_10)
FN:214,(anonymous_11)
FN:224,(anonymous_12)
FN:224,(anonymous_13)
FN:239,(anonymous_14)
FN:245,(anonymous_15)
FN:250,(anonymous_16)
FN:343,(anonymous_17)
FN:344,(anonymous_18)
FN:377,(anonymous_19)
FN:394,(anonymous_20)
FN:399,(anonymous_21)
FN:413,(anonymous_22)
FN:427,(anonymous_23)
FN:430,(anonymous_24)
FN:433,(anonymous_25)
FN:441,(anonymous_26)
FN:448,(anonymous_27)
FN:468,(anonymous_28)
FN:471,(anonymous_29)
FN:479,(anonymous_30)
FN:486,(anonymous_31)
FN:489,(anonymous_32)
FN:492,(anonymous_33)
FN:500,(anonymous_34)
FN:505,(anonymous_35)
FN:512,(anonymous_36)
FN:515,(anonymous_37)
FN:518,(anonymous_38)
FN:526,(anonymous_39)
FN:531,(anonymous_40)
FN:537,(anonymous_41)
FN:583,(anonymous_42)
FN:603,(anonymous_43)
FN:647,(anonymous_44)
FN:653,(anonymous_45)
FN:681,(anonymous_46)
FN:703,(anonymous_47)
FN:715,(anonymous_48)
FNF:49
FNH:0
FNDA:0,(anonymous_0)
FNDA:0,(anonymous_1)
FNDA:0,(anonymous_2)
FNDA:0,(anonymous_3)
FNDA:0,(anonymous_4)
FNDA:0,(anonymous_5)
FNDA:0,(anonymous_6)
FNDA:0,(anonymous_7)
FNDA:0,(anonymous_8)
FNDA:0,(anonymous_9)
FNDA:0,(anonymous_10)
FNDA:0,(anonymous_11)
FNDA:0,(anonymous_12)
FNDA:0,(anonymous_13)
FNDA:0,(anonymous_14)
FNDA:0,(anonymous_15)
FNDA:0,(anonymous_16)
FNDA:0,(anonymous_17)
FNDA:0,(anonymous_18)
FNDA:0,(anonymous_19)
FNDA:0,(anonymous_20)
FNDA:0,(anonymous_21)
FNDA:0,(anonymous_22)
FNDA:0,(anonymous_23)
FNDA:0,(anonymous_24)
FNDA:0,(anonymous_25)
FNDA:0,(anonymous_26)
FNDA:0,(anonymous_27)
FNDA:0,(anonymous_28)
FNDA:0,(anonymous_29)
FNDA:0,(anonymous_30)
FNDA:0,(anonymous_31)
FNDA:0,(anonymous_32)
FNDA:0,(anonymous_33)
FNDA:0,(anonymous_34)
FNDA:0,(anonymous_35)
FNDA:0,(anonymous_36)
FNDA:0,(anonymous_37)
FNDA:0,(anonymous_38)
FNDA:0,(anonymous_39)
FNDA:0,(anonymous_40)
FNDA:0,(anonymous_41)
FNDA:0,(anonymous_42)
FNDA:0,(anonymous_43)
FNDA:0,(anonymous_44)
FNDA:0,(anonymous_45)
FNDA:0,(anonymous_46)
FNDA:0,(anonymous_47)
FNDA:0,(anonymous_48)
DA:1,1
DA:2,1
DA:3,1
DA:4,1
DA:5,1
DA:6,1
DA:7,1
DA:8,1
DA:9,1
DA:14,0
DA:36,0
DA:37,0
DA:38,0
DA:40,0
DA:44,0
DA:45,0
DA:46,0
DA:49,0
DA:57,0
DA:59,0
DA:60,0
DA:62,0
DA:80,0
DA:86,0
DA:88,0
DA:92,0
DA:94,0
DA:100,0
DA:121,0
DA:122,0
DA:126,0
DA:129,0
DA:132,0
DA:133,0
DA:135,0
DA:136,0
DA:138,0
DA:139,0
DA:140,0
DA:141,0
DA:143,0
DA:144,0
DA:146,0
DA:147,0
DA:150,0
DA:155,0
DA:158,0
DA:161,0
DA:163,0
DA:166,0
DA:167,0
DA:168,0
DA:169,0
DA:170,0
DA:174,0
DA:175,0
DA:180,0
DA:181,0
DA:183,0
DA:187,0
DA:188,0
DA:190,0
DA:191,0
DA:193,0
DA:196,0
DA:197,0
DA:198,0
DA:199,0
DA:200,0
DA:209,0
DA:210,0
DA:214,0
DA:215,0
DA:216,0
DA:220,0
DA:221,0
DA:222,0
DA:223,0
DA:224,0
DA:225,0
DA:229,0
DA:230,0
DA:231,0
DA:232,0
DA:233,0
DA:234,0
DA:239,0
DA:240,0
DA:241,0
DA:242,0
DA:245,0
DA:250,0
DA:252,0
DA:255,0
DA:258,0
DA:278,0
DA:285,0
DA:288,0
DA:299,0
DA:300,0
DA:302,0
DA:306,0
DA:310,0
DA:315,0
DA:316,0
DA:317,0
DA:318,0
DA:320,0
DA:322,0
DA:344,0
DA:345,0
DA:356,0
DA:359,0
DA:360,0
DA:370,0
DA:373,0
DA:384,0
DA:395,0
DA:400,0
DA:404,0
DA:405,0
DA:408,0
DA:414,0
DA:418,0
DA:419,0
DA:421,0
DA:428,0
DA:431,0
DA:434,0
DA:442,0
DA:449,0
DA:469,0
DA:472,0
DA:473,0
DA:480,0
DA:487,0
DA:490,0
DA:493,0
DA:501,0
DA:506,0
DA:513,0
DA:516,0
DA:519,0
DA:527,0
DA:532,0
DA:538,0
DA:541,0
DA:543,0
DA:546,0
DA:548,0
DA:557,0
DA:565,0
DA:567,0
DA:579,0
DA:584,0
DA:617,0
DA:619,0
DA:621,0
DA:641,0
DA:642,0
DA:643,0
DA:647,0
DA:650,0
DA:654,0
DA:657,0
DA:659,0
DA:678,0
DA:682,0
DA:683,0
DA:684,0
DA:687,0
DA:688,0
DA:689,0
DA:690,0
DA:691,0
DA:692,0
DA:693,0
DA:694,0
DA:695,0
DA:698,0
DA:699,0
DA:704,0
DA:716,0
DA:717,0
DA:718,0
DA:721,0
DA:728,1
LF:187
LH:10
BRDA:37,0,0,0
BRDA:37,0,1,0
BRDA:37,1,0,0
BRDA:37,1,1,0
BRDA:45,2,0,0
BRDA:45,2,1,0
BRDA:45,3,0,0
BRDA:45,3,1,0
BRDA:57,4,0,0
BRDA:57,4,1,0
BRDA:60,5,0,0
BRDA:60,5,1,0
BRDA:97,6,0,0
BRDA:97,6,1,0
BRDA:98,7,0,0
BRDA:98,7,1,0
BRDA:99,8,0,0
BRDA:99,8,1,0
BRDA:103,9,0,0
BRDA:103,9,1,0
BRDA:103,10,0,0
BRDA:103,10,1,0
BRDA:121,11,0,0
BRDA:121,11,1,0
BRDA:121,12,0,0
BRDA:121,12,1,0
BRDA:121,12,2,0
BRDA:121,12,3,0
BRDA:129,13,0,0
BRDA:129,13,1,0
BRDA:132,14,0,0
BRDA:132,14,1,0
BRDA:136,15,0,0
BRDA:136,15,1,0
BRDA:140,16,0,0
BRDA:140,16,1,0
BRDA:140,17,0,0
BRDA:140,17,1,0
BRDA:143,18,0,0
BRDA:143,18,1,0
BRDA:147,19,0,0
BRDA:147,19,1,0
BRDA:155,20,0,0
BRDA:155,20,1,0
BRDA:158,21,0,0
BRDA:158,21,1,0
BRDA:161,22,0,0
BRDA:161,22,1,0
BRDA:166,23,0,0
BRDA:166,23,1,0
BRDA:169,24,0,0
BRDA:169,24,1,0
BRDA:174,25,0,0
BRDA:174,25,1,0
BRDA:187,26,0,0
BRDA:187,26,1,0
BRDA:190,27,0,0
BRDA:190,27,1,0
BRDA:197,28,0,0
BRDA:197,28,1,0
BRDA:199,29,0,0
BRDA:199,29,1,0
BRDA:202,30,0,0
BRDA:202,30,1,0
BRDA:202,31,0,0
BRDA:202,31,1,0
BRDA:203,32,0,0
BRDA:203,32,1,0
BRDA:203,33,0,0
BRDA:203,33,1,0
BRDA:204,34,0,0
BRDA:204,34,1,0
BRDA:210,35,0,0
BRDA:210,35,1,0
BRDA:216,36,0,0
BRDA:216,36,1,0
BRDA:216,37,0,0
BRDA:216,37,1,0
BRDA:223,38,0,0
BRDA:223,38,1,0
BRDA:225,39,0,0
BRDA:225,39,1,0
BRDA:232,40,0,0
BRDA:232,40,1,0
BRDA:232,41,0,0
BRDA:232,41,1,0
BRDA:233,42,0,0
BRDA:233,42,1,0
BRDA:241,43,0,0
BRDA:241,43,1,0
BRDA:242,44,0,0
BRDA:242,44,1,0
BRDA:255,45,0,0
BRDA:255,45,1,0
BRDA:264,46,0,0
BRDA:264,46,1,0
BRDA:265,47,0,0
BRDA:265,47,1,0
BRDA:266,48,0,0
BRDA:266,48,1,0
BRDA:300,49,0,0
BRDA:300,49,1,0
BRDA:315,50,0,0
BRDA:315,50,1,0
BRDA:316,51,0,0
BRDA:316,51,1,0
BRDA:317,52,0,0
BRDA:317,52,1,0
BRDA:318,53,0,0
BRDA:318,53,1,0
BRDA:350,54,0,0
BRDA:350,54,1,0
BRDA:351,55,0,0
BRDA:351,55,1,0
BRDA:352,56,0,0
BRDA:352,56,1,0
BRDA:359,57,0,0
BRDA:359,57,1,0
BRDA:381,58,0,0
BRDA:404,59,0,0
BRDA:404,59,1,0
BRDA:418,60,0,0
BRDA:418,60,1,0
BRDA:541,61,0,0
BRDA:541,61,1,0
BRDA:546,62,0,0
BRDA:546,62,1,0
BRDA:603,63,0,0
BRDA:641,64,0,0
BRDA:641,64,1,0
BRDA:657,65,0,0
BRDA:657,65,1,0
BRDA:684,66,0,0
BRDA:684,66,1,0
BRDA:717,67,0,0
BRDA:717,67,1,0
BRF:136
BRH:0
end_of_record
TN:
SF:src\services\api-service.js
FN:4,(anonymous_0)
FN:16,(anonymous_1)
FNF:2
FNH:1
FNDA:1,(anonymous_0)
FNDA:0,(anonymous_1)
DA:1,1
DA:5,1
DA:17,0
DA:18,0
DA:19,0
DA:22,0
DA:36,1
LF:7
LH:3
BRDA:18,0,0,0
BRDA:18,0,1,0
BRF:2
BRH:0
end_of_record
TN:
SF:src\services\auditLog-service.js
FN:5,(anonymous_0)
FN:27,(anonymous_1)
FNF:2
FNH:0
FNDA:0,(anonymous_0)
FNDA:0,(anonymous_1)
DA:1,1
DA:6,0
DA:9,0
DA:10,0
DA:11,0
DA:12,0
DA:13,0
DA:14,0
DA:23,0
DA:28,0
DA:45,1
LF:11
LH:2
BRF:0
BRH:0
end_of_record
TN:
SF:src\services\auth-service.js
FN:8,generateTokens
FN:28,loginWithOAuth
FN:79,refreshToken
FN:104,logout
FNF:4
FNH:0
FNDA:0,generateTokens
FNDA:0,loginWithOAuth
FNDA:0,refreshToken
FNDA:0,logout
DA:1,1
DA:2,1
DA:3,1
DA:5,1
DA:6,1
DA:9,0
DA:10,0
DA:15,0
DA:17,0
DA:25,0
DA:33,0
DA:41,0
DA:46,0
DA:49,0
DA:50,0
DA:52,0
DA:61,0
DA:63,0
DA:66,0
DA:76,0
DA:80,0
DA:81,0
DA:82,0
DA:84,0
DA:88,0
DA:89,0
DA:90,0
DA:91,0
DA:92,0
DA:96,0
DA:98,0
DA:100,0
DA:105,0
DA:111,1
LF:34
LH:6
BRDA:49,0,0,0
BRDA:49,0,1,0
BRDA:50,1,0,0
BRDA:50,1,1,0
BRDA:90,2,0,0
BRDA:90,2,1,0
BRDA:96,3,0,0
BRDA:96,3,1,0
BRF:8
BRH:0
end_of_record
TN:
SF:src\services\leaveBalance-service.js
FN:6,(anonymous_0)
FN:13,(anonymous_1)
FN:28,(anonymous_2)
FN:49,(anonymous_3)
FN:61,(anonymous_4)
FN:99,(anonymous_5)
FN:134,(anonymous_6)
FN:162,(anonymous_7)
FN:179,(anonymous_8)
FNF:9
FNH:0
FNDA:0,(anonymous_0)
FNDA:0,(anonymous_1)
FNDA:0,(anonymous_2)
FNDA:0,(anonymous_3)
FNDA:0,(anonymous_4)
FNDA:0,(anonymous_5)
FNDA:0,(anonymous_6)
FNDA:0,(anonymous_7)
FNDA:0,(anonymous_8)
DA:1,1
DA:2,1
DA:7,0
DA:14,0
DA:15,0
DA:17,0
DA:18,0
DA:19,0
DA:22,0
DA:23,0
DA:29,0
DA:30,0
DA:50,0
DA:51,0
DA:62,0
DA:63,0
DA:64,0
DA:67,0
DA:68,0
DA:69,0
DA:70,0
DA:73,0
DA:74,0
DA:76,0
DA:78,0
DA:82,0
DA:83,0
DA:86,0
DA:100,0
DA:101,0
DA:103,0
DA:104,0
DA:107,0
DA:108,0
DA:110,0
DA:111,0
DA:112,0
DA:114,0
DA:115,0
DA:116,0
DA:117,0
DA:118,0
DA:120,0
DA:135,0
DA:136,0
DA:138,0
DA:139,0
DA:143,0
DA:144,0
DA:146,0
DA:147,0
DA:148,0
DA:150,0
DA:163,0
DA:164,0
DA:181,0
DA:182,0
DA:186,0
DA:187,0
DA:189,0
DA:193,1
LF:61
LH:3
BRDA:7,0,0,0
BRDA:7,0,1,0
BRDA:13,1,0,0
BRDA:18,2,0,0
BRDA:18,2,1,0
BRDA:18,3,0,0
BRDA:18,3,1,0
BRDA:28,4,0,0
BRDA:49,5,0,0
BRDA:61,6,0,0
BRDA:64,7,0,0
BRDA:64,7,1,0
BRDA:67,8,0,0
BRDA:67,8,1,0
BRDA:68,9,0,0
BRDA:68,9,1,0
BRDA:69,10,0,0
BRDA:69,10,1,0
BRDA:70,11,0,0
BRDA:70,11,1,0
BRDA:78,12,0,0
BRDA:78,12,1,0
BRDA:79,13,0,0
BRDA:79,13,1,0
BRDA:79,13,2,0
BRDA:79,13,3,0
BRDA:99,14,0,0
BRDA:103,15,0,0
BRDA:103,15,1,0
BRDA:107,16,0,0
BRDA:107,16,1,0
BRDA:108,17,0,0
BRDA:108,17,1,0
BRDA:110,18,0,0
BRDA:110,18,1,0
BRDA:111,19,0,0
BRDA:111,19,1,0
BRDA:112,20,0,0
BRDA:112,20,1,0
BRDA:134,21,0,0
BRDA:138,22,0,0
BRDA:138,22,1,0
BRDA:143,23,0,0
BRDA:143,23,1,0
BRDA:144,24,0,0
BRDA:144,24,1,0
BRDA:146,25,0,0
BRDA:146,25,1,0
BRDA:147,26,0,0
BRDA:147,26,1,0
BRDA:148,27,0,0
BRDA:148,27,1,0
BRDA:162,28,0,0
BRDA:179,29,0,0
BRDA:186,30,0,0
BRDA:186,30,1,0
BRF:56
BRH:0
end_of_record
TN:
SF:src\services\leaveRequest-service.js
FN:16,(anonymous_0)
FN:121,(anonymous_1)
FN:150,(anonymous_2)
FN:178,(anonymous_3)
FN:231,(anonymous_4)
FN:249,(anonymous_5)
FN:271,(anonymous_6)
FN:296,(anonymous_7)
FN:315,(anonymous_8)
FN:330,(anonymous_9)
FN:352,(anonymous_10)
FN:356,(anonymous_11)
FN:373,(anonymous_12)
FN:416,(anonymous_13)
FN:463,(anonymous_14)
FN:526,(anonymous_15)
FN:537,(anonymous_16)
FN:564,(anonymous_17)
FN:605,(anonymous_18)
FN:641,(anonymous_19)
FN:677,(anonymous_20)
FN:713,(anonymous_21)
FN:757,(anonymous_22)
FN:864,(anonymous_23)
FN:940,(anonymous_24)
FN:963,(anonymous_25)
FN:974,(anonymous_26)
FN:1101,(anonymous_27)
FN:1179,(anonymous_28)
FN:1284,(anonymous_29)
FN:1362,(anonymous_30)
FN:1467,(anonymous_31)
FN:1545,(anonymous_32)
FN:1635,(anonymous_33)
FN:1709,(anonymous_34)
FNF:35
FNH:0
FNDA:0,(anonymous_0)
FNDA:0,(anonymous_1)
FNDA:0,(anonymous_2)
FNDA:0,(anonymous_3)
FNDA:0,(anonymous_4)
FNDA:0,(anonymous_5)
FNDA:0,(anonymous_6)
FNDA:0,(anonymous_7)
FNDA:0,(anonymous_8)
FNDA:0,(anonymous_9)
FNDA:0,(anonymous_10)
FNDA:0,(anonymous_11)
FNDA:0,(anonymous_12)
FNDA:0,(anonymous_13)
FNDA:0,(anonymous_14)
FNDA:0,(anonymous_15)
FNDA:0,(anonymous_16)
FNDA:0,(anonymous_17)
FNDA:0,(anonymous_18)
FNDA:0,(anonymous_19)
FNDA:0,(anonymous_20)
FNDA:0,(anonymous_21)
FNDA:0,(anonymous_22)
FNDA:0,(anonymous_23)
FNDA:0,(anonymous_24)
FNDA:0,(anonymous_25)
FNDA:0,(anonymous_26)
FNDA:0,(anonymous_27)
FNDA:0,(anonymous_28)
FNDA:0,(anonymous_29)
FNDA:0,(anonymous_30)
FNDA:0,(anonymous_31)
FNDA:0,(anonymous_32)
FNDA:0,(anonymous_33)
FNDA:0,(anonymous_34)
DA:1,1
DA:2,1
DA:3,1
DA:4,1
DA:5,1
DA:6,1
DA:7,1
DA:8,1
DA:26,0
DA:27,0
DA:30,0
DA:31,0
DA:33,0
DA:34,0
DA:37,0
DA:38,0
DA:39,0
DA:43,0
DA:48,0
DA:49,0
DA:53,0
DA:54,0
DA:71,0
DA:75,0
DA:80,0
DA:81,0
DA:84,0
DA:85,0
DA:94,0
DA:98,0
DA:107,0
DA:114,0
DA:122,0
DA:123,0
DA:125,0
DA:126,0
DA:127,0
DA:128,0
DA:147,0
DA:151,0
DA:152,0
DA:153,0
DA:171,0
DA:179,0
DA:232,0
DA:250,0
DA:251,0
DA:253,0
DA:272,0
DA:297,0
DA:298,0
DA:316,0
DA:331,0
DA:353,0
DA:357,0
DA:374,0
DA:417,0
DA:464,0
DA:468,0
DA:470,0
DA:471,0
DA:472,0
DA:480,0
DA:481,0
DA:487,0
DA:490,0
DA:491,0
DA:497,0
DA:504,0
DA:505,0
DA:508,0
DA:509,0
DA:512,0
DA:527,0
DA:538,0
DA:565,0
DA:606,0
DA:642,0
DA:678,0
DA:714,0
DA:759,0
DA:763,0
DA:766,0
DA:767,0
DA:773,0
DA:774,0
DA:778,0
DA:793,0
DA:802,0
DA:809,0
DA:812,0
DA:822,0
DA:832,0
DA:833,0
DA:840,0
DA:850,0
DA:851,0
DA:857,0
DA:866,0
DA:870,0
DA:873,0
DA:874,0
DA:881,0
DA:895,0
DA:903,0
DA:912,0
DA:922,0
DA:923,0
DA:930,0
DA:947,0
DA:953,0
DA:956,0
DA:957,0
DA:963,0
DA:964,0
DA:965,0
DA:966,0
DA:974,0
DA:975,0
DA:979,0
DA:980,0
DA:981,0
DA:984,0
DA:985,0
DA:988,0
DA:989,0
DA:991,0
DA:992,0
DA:994,0
DA:995,0
DA:998,0
DA:1000,0
DA:1005,0
DA:1014,0
DA:1030,0
DA:1039,0
DA:1046,0
DA:1049,0
DA:1059,0
DA:1069,0
DA:1070,0
DA:1077,0
DA:1087,0
DA:1088,0
DA:1094,0
DA:1103,0
DA:1109,0
DA:1112,0
DA:1113,0
DA:1120,0
DA:1134,0
DA:1142,0
DA:1151,0
DA:1161,0
DA:1162,0
DA:1169,0
DA:1181,0
DA:1187,0
DA:1190,0
DA:1191,0
DA:1198,0
DA:1213,0
DA:1222,0
DA:1229,0
DA:1232,0
DA:1242,0
DA:1252,0
DA:1253,0
DA:1260,0
DA:1270,0
DA:1271,0
DA:1277,0
DA:1286,0
DA:1292,0
DA:1295,0
DA:1296,0
DA:1303,0
DA:1317,0
DA:1325,0
DA:1334,0
DA:1344,0
DA:1345,0
DA:1352,0
DA:1364,0
DA:1370,0
DA:1373,0
DA:1374,0
DA:1381,0
DA:1396,0
DA:1405,0
DA:1412,0
DA:1415,0
DA:1425,0
DA:1435,0
DA:1436,0
DA:1443,0
DA:1453,0
DA:1454,0
DA:1460,0
DA:1469,0
DA:1475,0
DA:1478,0
DA:1479,0
DA:1486,0
DA:1500,0
DA:1508,0
DA:1517,0
DA:1527,0
DA:1528,0
DA:1535,0
DA:1547,0
DA:1553,0
DA:1556,0
DA:1557,0
DA:1564,0
DA:1579,0
DA:1587,0
DA:1594,0
DA:1603,0
DA:1605,0
DA:1612,0
DA:1622,0
DA:1623,0
DA:1629,0
DA:1637,0
DA:1643,0
DA:1646,0
DA:1647,0
DA:1654,0
DA:1668,0
DA:1676,0
DA:1685,0
DA:1695,0
DA:1696,0
DA:1703,0
DA:1710,0
DA:1711,0
DA:1713,0
DA:1731,1
LF:239
LH:9
BRDA:26,0,0,0
BRDA:26,0,1,0
BRDA:26,1,0,0
BRDA:26,1,1,0
BRDA:26,1,2,0
BRDA:26,1,3,0
BRDA:33,2,0,0
BRDA:33,2,1,0
BRDA:33,3,0,0
BRDA:33,3,1,0
BRDA:34,4,0,0
BRDA:34,4,1,0
BRDA:38,5,0,0
BRDA:38,5,1,0
BRDA:38,6,0,0
BRDA:38,6,1,0
BRDA:38,6,2,0
BRDA:48,7,0,0
BRDA:48,7,1,0
BRDA:49,8,0,0
BRDA:49,8,1,0
BRDA:80,9,0,0
BRDA:80,9,1,0
BRDA:81,10,0,0
BRDA:81,10,1,0
BRDA:81,11,0,0
BRDA:81,11,1,0
BRDA:123,12,0,0
BRDA:123,12,1,0
BRDA:137,13,0,0
BRDA:137,13,1,0
BRDA:151,14,0,0
BRDA:151,14,1,0
BRDA:161,15,0,0
BRDA:161,15,1,0
BRDA:251,16,0,0
BRDA:251,16,1,0
BRDA:468,17,0,0
BRDA:468,17,1,0
BRDA:471,18,0,0
BRDA:471,18,1,0
BRDA:480,19,0,0
BRDA:480,19,1,0
BRDA:487,20,0,0
BRDA:487,20,1,0
BRDA:490,21,0,0
BRDA:490,21,1,0
BRDA:504,22,0,0
BRDA:504,22,1,0
BRDA:508,23,0,0
BRDA:508,23,1,0
BRDA:763,24,0,0
BRDA:763,24,1,0
BRDA:766,25,0,0
BRDA:766,25,1,0
BRDA:773,26,0,0
BRDA:773,26,1,0
BRDA:797,27,0,0
BRDA:797,27,1,0
BRDA:809,28,0,0
BRDA:809,28,1,0
BRDA:832,29,0,0
BRDA:832,29,1,0
BRDA:850,30,0,0
BRDA:850,30,1,0
BRDA:870,31,0,0
BRDA:870,31,1,0
BRDA:873,32,0,0
BRDA:873,32,1,0
BRDA:907,33,0,0
BRDA:907,33,1,0
BRDA:922,34,0,0
BRDA:922,34,1,0
BRDA:953,35,0,0
BRDA:953,35,1,0
BRDA:956,36,0,0
BRDA:956,36,1,0
BRDA:964,37,0,0
BRDA:964,37,1,0
BRDA:965,38,0,0
BRDA:965,38,1,0
BRDA:979,39,0,0
BRDA:979,39,1,0
BRDA:979,40,0,0
BRDA:979,40,1,0
BRDA:980,41,0,0
BRDA:980,41,1,0
BRDA:984,42,0,0
BRDA:984,42,1,0
BRDA:988,43,0,0
BRDA:988,43,1,0
BRDA:989,44,0,0
BRDA:989,44,1,0
BRDA:992,45,0,0
BRDA:992,45,1,0
BRDA:1034,46,0,0
BRDA:1034,46,1,0
BRDA:1046,47,0,0
BRDA:1046,47,1,0
BRDA:1069,48,0,0
BRDA:1069,48,1,0
BRDA:1087,49,0,0
BRDA:1087,49,1,0
BRDA:1109,50,0,0
BRDA:1109,50,1,0
BRDA:1112,51,0,0
BRDA:1112,51,1,0
BRDA:1146,52,0,0
BRDA:1146,52,1,0
BRDA:1161,53,0,0
BRDA:1161,53,1,0
BRDA:1187,54,0,0
BRDA:1187,54,1,0
BRDA:1190,55,0,0
BRDA:1190,55,1,0
BRDA:1217,56,0,0
BRDA:1217,56,1,0
BRDA:1229,57,0,0
BRDA:1229,57,1,0
BRDA:1252,58,0,0
BRDA:1252,58,1,0
BRDA:1270,59,0,0
BRDA:1270,59,1,0
BRDA:1292,60,0,0
BRDA:1292,60,1,0
BRDA:1295,61,0,0
BRDA:1295,61,1,0
BRDA:1329,62,0,0
BRDA:1329,62,1,0
BRDA:1344,63,0,0
BRDA:1344,63,1,0
BRDA:1370,64,0,0
BRDA:1370,64,1,0
BRDA:1373,65,0,0
BRDA:1373,65,1,0
BRDA:1400,66,0,0
BRDA:1400,66,1,0
BRDA:1412,67,0,0
BRDA:1412,67,1,0
BRDA:1435,68,0,0
BRDA:1435,68,1,0
BRDA:1453,69,0,0
BRDA:1453,69,1,0
BRDA:1475,70,0,0
BRDA:1475,70,1,0
BRDA:1478,71,0,0
BRDA:1478,71,1,0
BRDA:1512,72,0,0
BRDA:1512,72,1,0
BRDA:1527,73,0,0
BRDA:1527,73,1,0
BRDA:1553,74,0,0
BRDA:1553,74,1,0
BRDA:1556,75,0,0
BRDA:1556,75,1,0
BRDA:1583,76,0,0
BRDA:1583,76,1,0
BRDA:1603,77,0,0
BRDA:1603,77,1,0
BRDA:1622,78,0,0
BRDA:1622,78,1,0
BRDA:1643,79,0,0
BRDA:1643,79,1,0
BRDA:1646,80,0,0
BRDA:1646,80,1,0
BRDA:1680,81,0,0
BRDA:1680,81,1,0
BRDA:1695,82,0,0
BRDA:1695,82,1,0
BRDA:1711,83,0,0
BRDA:1711,83,1,0
BRF:171
BRH:0
end_of_record
TN:
SF:src\services\leaveType-service.js
FN:6,(anonymous_0)
FN:35,(anonymous_1)
FN:62,(anonymous_2)
FN:70,(anonymous_3)
FN:78,(anonymous_4)
FN:86,(anonymous_5)
FNF:6
FNH:0
FNDA:0,(anonymous_0)
FNDA:0,(anonymous_1)
FNDA:0,(anonymous_2)
FNDA:0,(anonymous_3)
FNDA:0,(anonymous_4)
FNDA:0,(anonymous_5)
DA:1,1
DA:2,1
DA:7,0
DA:8,0
DA:9,0
DA:12,0
DA:17,0
DA:18,0
DA:21,0
DA:36,0
DA:38,0
DA:42,0
DA:43,0
DA:44,0
DA:45,0
DA:49,0
DA:54,0
DA:63,0
DA:71,0
DA:79,0
DA:87,0
DA:88,0
DA:94,0
DA:95,0
DA:100,1
LF:25
LH:3
BRDA:6,0,0,0
BRDA:8,1,0,0
BRDA:8,1,1,0
BRDA:17,2,0,0
BRDA:17,2,1,0
BRDA:42,3,0,0
BRDA:42,3,1,0
BRF:7
BRH:0
end_of_record
TN:
SF:src\services\organizationAndDepartment-service.js
FN:7,(anonymous_0)
FN:11,(anonymous_1)
FN:17,(anonymous_2)
FN:21,(anonymous_3)
FN:28,(anonymous_4)
FN:35,(anonymous_5)
FN:50,(anonymous_6)
FN:66,(anonymous_7)
FN:72,(anonymous_8)
FN:87,(anonymous_9)
FN:94,(anonymous_10)
FN:98,(anonymous_11)
FN:104,(anonymous_12)
FN:113,(anonymous_13)
FN:122,(anonymous_14)
FNF:15
FNH:0
FNDA:0,(anonymous_0)
FNDA:0,(anonymous_1)
FNDA:0,(anonymous_2)
FNDA:0,(anonymous_3)
FNDA:0,(anonymous_4)
FNDA:0,(anonymous_5)
FNDA:0,(anonymous_6)
FNDA:0,(anonymous_7)
FNDA:0,(anonymous_8)
FNDA:0,(anonymous_9)
FNDA:0,(anonymous_10)
FNDA:0,(anonymous_11)
FNDA:0,(anonymous_12)
FNDA:0,(anonymous_13)
FNDA:0,(anonymous_14)
DA:1,1
DA:2,1
DA:8,0
DA:12,0
DA:18,0
DA:22,0
DA:29,0
DA:36,0
DA:51,0
DA:67,0
DA:73,0
DA:74,0
DA:77,0
DA:78,0
DA:81,0
DA:88,0
DA:95,0
DA:99,0
DA:105,0
DA:106,0
DA:114,0
DA:123,0
DA:129,1
LF:23
LH:3
BRDA:73,0,0,0
BRDA:73,0,1,0
BRDA:77,1,0,0
BRDA:77,1,1,0
BRF:4
BRH:0
end_of_record
TN:
SF:src\services\pdfService.js
FN:41,getThaiMonth
FN:45,getThaiMonthShort
FN:50,parseDateToThai
FN:173,wrapTextStrictMaxLines
FN:200,fillPDFTemplate
FN:223,(anonymous_5)
FN:259,(anonymous_6)
FN:282,(anonymous_7)
FN:317,(anonymous_8)
FN:346,(anonymous_9)
FN:356,(anonymous_10)
FN:367,(anonymous_11)
FN:369,(anonymous_12)
FN:380,(anonymous_13)
FN:382,(anonymous_14)
FN:393,(anonymous_15)
FN:412,(anonymous_16)
FN:425,(anonymous_17)
FN:498,(anonymous_18)
FN:558,(anonymous_19)
FN:577,(anonymous_20)
FN:784,(anonymous_21)
FN:826,(anonymous_22)
FN:861,(anonymous_23)
FN:863,(anonymous_24)
FN:874,(anonymous_25)
FN:893,(anonymous_26)
FN:906,(anonymous_27)
FN:925,(anonymous_28)
FN:927,(anonymous_29)
FN:938,(anonymous_30)
FN:967,(anonymous_31)
FNF:32
FNH:0
FNDA:0,getThaiMonth
FNDA:0,getThaiMonthShort
FNDA:0,parseDateToThai
FNDA:0,wrapTextStrictMaxLines
FNDA:0,fillPDFTemplate
FNDA:0,(anonymous_5)
FNDA:0,(anonymous_6)
FNDA:0,(anonymous_7)
FNDA:0,(anonymous_8)
FNDA:0,(anonymous_9)
FNDA:0,(anonymous_10)
FNDA:0,(anonymous_11)
FNDA:0,(anonymous_12)
FNDA:0,(anonymous_13)
FNDA:0,(anonymous_14)
FNDA:0,(anonymous_15)
FNDA:0,(anonymous_16)
FNDA:0,(anonymous_17)
FNDA:0,(anonymous_18)
FNDA:0,(anonymous_19)
FNDA:0,(anonymous_20)
FNDA:0,(anonymous_21)
FNDA:0,(anonymous_22)
FNDA:0,(anonymous_23)
FNDA:0,(anonymous_24)
FNDA:0,(anonymous_25)
FNDA:0,(anonymous_26)
FNDA:0,(anonymous_27)
FNDA:0,(anonymous_28)
FNDA:0,(anonymous_29)
FNDA:0,(anonymous_30)
FNDA:0,(anonymous_31)
DA:1,1
DA:2,1
DA:3,1
DA:4,1
DA:5,1
DA:6,1
DA:9,1
DA:24,1
DA:42,0
DA:46,0
DA:55,0
DA:56,0
DA:66,0
DA:67,0
DA:68,0
DA:69,0
DA:70,0
DA:72,0
DA:94,0
DA:96,0
DA:97,0
DA:104,0
DA:105,0
DA:106,0
DA:108,0
DA:110,0
DA:111,0
DA:112,0
DA:113,0
DA:119,0
DA:120,0
DA:121,0
DA:124,0
DA:125,0
DA:126,0
DA:127,0
DA:128,0
DA:133,0
DA:134,0
DA:135,0
DA:136,0
DA:137,0
DA:143,0
DA:151,0
DA:152,0
DA:161,0
DA:163,0
DA:174,0
DA:175,0
DA:177,0
DA:178,0
DA:179,0
DA:181,0
DA:182,0
DA:183,0
DA:185,0
DA:186,0
DA:192,0
DA:193,0
DA:194,0
DA:197,0
DA:201,0
DA:202,0
DA:203,0
DA:204,0
DA:205,0
DA:207,0
DA:208,0
DA:209,0
DA:211,0
DA:212,0
DA:213,0
DA:215,0
DA:218,0
DA:223,0
DA:224,0
DA:225,0
DA:227,0
DA:228,0
DA:234,0
DA:242,0
DA:243,0
DA:249,0
DA:259,0
DA:260,0
DA:266,0
DA:272,0
DA:282,0
DA:283,0
DA:285,0
DA:286,0
DA:292,0
DA:293,0
DA:299,0
DA:300,0
DA:306,0
DA:307,0
DA:317,0
DA:318,0
DA:321,0
DA:322,0
DA:328,0
DA:329,0
DA:335,0
DA:336,0
DA:346,0
DA:347,0
DA:355,0
DA:356,0
DA:357,0
DA:367,0
DA:368,0
DA:369,0
DA:370,0
DA:380,0
DA:381,0
DA:382,0
DA:383,0
DA:393,0
DA:394,0
DA:400,0
DA:407,0
DA:408,0
DA:412,0
DA:413,0
DA:420,0
DA:421,0
DA:425,0
DA:427,0
DA:433,0
DA:439,0
DA:452,0
DA:458,0
DA:464,0
DA:477,0
DA:483,0
DA:489,0
DA:498,0
DA:499,0
DA:500,0
DA:506,0
DA:507,0
DA:508,0
DA:515,0
DA:522,0
DA:523,0
DA:524,0
DA:531,0
DA:538,0
DA:539,0
DA:540,0
DA:547,0
DA:558,0
DA:559,0
DA:577,0
DA:578,0
DA:581,0
DA:589,0
DA:590,0
DA:593,0
DA:601,0
DA:607,0
DA:615,0
DA:618,0
DA:621,0
DA:624,0
DA:632,0
DA:633,0
DA:635,0
DA:636,0
DA:639,0
DA:647,0
DA:648,0
DA:654,0
DA:655,0
DA:661,0
DA:662,0
DA:671,0
DA:672,0
DA:674,0
DA:684,0
DA:695,0
DA:706,0
DA:709,0
DA:717,0
DA:723,0
DA:731,0
DA:732,0
DA:733,0
DA:736,0
DA:743,0
DA:750,0
DA:759,0
DA:762,0
DA:765,0
DA:767,0
DA:774,0
DA:775,0
DA:778,0
DA:784,0
DA:785,0
DA:787,0
DA:788,0
DA:794,0
DA:795,0
DA:801,0
DA:802,0
DA:808,0
DA:809,0
DA:815,0
DA:816,0
DA:826,0
DA:827,0
DA:829,0
DA:830,0
DA:836,0
DA:837,0
DA:843,0
DA:844,0
DA:850,0
DA:851,0
DA:861,0
DA:862,0
DA:863,0
DA:864,0
DA:874,0
DA:875,0
DA:881,0
DA:888,0
DA:889,0
DA:893,0
DA:894,0
DA:901,0
DA:902,0
DA:906,0
DA:907,0
DA:925,0
DA:926,0
DA:927,0
DA:928,0
DA:938,0
DA:939,0
DA:945,0
DA:951,0
DA:957,0
DA:967,0
DA:968,0
DA:975,0
DA:976,0
DA:988,0
DA:996,0
DA:1004,0
DA:1007,0
DA:1010,0
DA:1016,0
DA:1022,0
DA:1030,0
DA:1031,0
DA:1032,0
DA:1033,0
DA:1036,0
DA:1042,0
DA:1050,0
DA:1056,0
DA:1064,0
DA:1070,0
DA:1078,0
DA:1079,0
DA:1080,0
DA:1083,0
DA:1090,0
DA:1097,0
DA:1106,0
DA:1107,0
DA:1115,0
DA:1118,0
DA:1121,0
DA:1123,0
DA:1130,0
DA:1131,0
DA:1134,0
DA:1141,0
DA:1143,0
DA:1144,0
DA:1145,0
DA:1148,0
DA:1149,0
DA:1152,0
DA:1153,0
DA:1155,0
DA:1157,0
DA:1158,0
DA:1162,1
LF:293
LH:9
BRDA:42,0,0,0
BRDA:42,0,1,0
BRDA:46,1,0,0
BRDA:46,1,1,0
BRDA:55,2,0,0
BRDA:55,2,1,0
BRDA:55,3,0,0
BRDA:55,3,1,0
BRDA:66,4,0,0
BRDA:66,4,1,0
BRDA:70,5,0,0
BRDA:70,5,1,0
BRDA:94,6,0,0
BRDA:94,6,1,0
BRDA:104,7,0,0
BRDA:104,7,1,0
BRDA:108,8,0,0
BRDA:108,8,1,0
BRDA:108,9,0,0
BRDA:108,9,1,0
BRDA:108,9,2,0
BRDA:113,10,0,0
BRDA:113,10,1,0
BRDA:114,11,0,0
BRDA:114,11,1,0
BRDA:114,11,2,0
BRDA:125,12,0,0
BRDA:125,12,1,0
BRDA:134,13,0,0
BRDA:134,13,1,0
BRDA:143,14,0,0
BRDA:143,14,1,0
BRDA:144,15,0,0
BRDA:144,15,1,0
BRDA:144,15,2,0
BRDA:144,15,3,0
BRDA:144,15,4,0
BRDA:144,15,5,0
BRDA:161,16,0,0
BRDA:161,16,1,0
BRDA:173,17,0,0
BRDA:181,18,0,0
BRDA:181,18,1,0
BRDA:185,19,0,0
BRDA:185,19,1,0
BRDA:192,20,0,0
BRDA:192,20,1,0
BRDA:192,21,0,0
BRDA:192,21,1,0
BRDA:285,22,0,0
BRDA:285,22,1,0
BRDA:292,23,0,0
BRDA:292,23,1,0
BRDA:299,24,0,0
BRDA:299,24,1,0
BRDA:306,25,0,0
BRDA:306,25,1,0
BRDA:321,26,0,0
BRDA:321,26,1,0
BRDA:328,27,0,0
BRDA:328,27,1,0
BRDA:335,28,0,0
BRDA:335,28,1,0
BRDA:358,29,0,0
BRDA:358,29,1,0
BRDA:427,30,0,0
BRDA:427,30,1,0
BRDA:427,31,0,0
BRDA:427,31,1,0
BRDA:433,32,0,0
BRDA:433,32,1,0
BRDA:439,33,0,0
BRDA:439,33,1,0
BRDA:440,34,0,0
BRDA:440,34,1,0
BRDA:452,35,0,0
BRDA:452,35,1,0
BRDA:452,36,0,0
BRDA:452,36,1,0
BRDA:458,37,0,0
BRDA:458,37,1,0
BRDA:464,38,0,0
BRDA:464,38,1,0
BRDA:466,39,0,0
BRDA:466,39,1,0
BRDA:499,40,0,0
BRDA:499,40,1,0
BRDA:499,41,0,0
BRDA:499,41,1,0
BRDA:506,42,0,0
BRDA:506,42,1,0
BRDA:507,43,0,0
BRDA:507,43,1,0
BRDA:522,44,0,0
BRDA:522,44,1,0
BRDA:523,45,0,0
BRDA:523,45,1,0
BRDA:538,46,0,0
BRDA:538,46,1,0
BRDA:539,47,0,0
BRDA:539,47,1,0
BRDA:559,48,0,0
BRDA:559,48,1,0
BRDA:647,49,0,0
BRDA:647,49,1,0
BRDA:654,50,0,0
BRDA:654,50,1,0
BRDA:661,51,0,0
BRDA:661,51,1,0
BRDA:698,52,0,0
BRDA:698,52,1,0
BRDA:787,53,0,0
BRDA:787,53,1,0
BRDA:794,54,0,0
BRDA:794,54,1,0
BRDA:801,55,0,0
BRDA:801,55,1,0
BRDA:808,56,0,0
BRDA:808,56,1,0
BRDA:815,57,0,0
BRDA:815,57,1,0
BRDA:829,58,0,0
BRDA:829,58,1,0
BRDA:836,59,0,0
BRDA:836,59,1,0
BRDA:843,60,0,0
BRDA:843,60,1,0
BRDA:850,61,0,0
BRDA:850,61,1,0
BRDA:907,62,0,0
BRDA:907,62,1,0
BRDA:1141,63,0,0
BRDA:1141,63,1,0
BRDA:1141,64,0,0
BRDA:1141,64,1,0
BRDA:1144,65,0,0
BRDA:1144,65,1,0
BRDA:1148,66,0,0
BRDA:1148,66,1,0
BRF:139
BRH:0
end_of_record
TN:
SF:src\services\rank-service.js
FN:6,(anonymous_0)
FN:26,(anonymous_1)
FN:34,(anonymous_2)
FN:42,(anonymous_3)
FN:47,(anonymous_4)
FN:58,(anonymous_5)
FN:64,(anonymous_6)
FN:86,calculateMonths
FNF:8
FNH:0
FNDA:0,(anonymous_0)
FNDA:0,(anonymous_1)
FNDA:0,(anonymous_2)
FNDA:0,(anonymous_3)
FNDA:0,(anonymous_4)
FNDA:0,(anonymous_5)
FNDA:0,(anonymous_6)
FNDA:0,calculateMonths
DA:1,1
DA:2,1
DA:7,0
DA:8,0
DA:11,0
DA:13,0
DA:22,0
DA:27,0
DA:35,0
DA:43,0
DA:48,0
DA:49,0
DA:51,0
DA:59,0
DA:65,0
DA:66,0
DA:67,0
DA:68,0
DA:80,0
DA:82,0
DA:87,0
DA:88,0
DA:89,0
DA:90,0
DA:91,0
DA:92,0
DA:94,0
DA:97,1
LF:28
LH:3
BRDA:7,0,0,0
BRDA:7,0,1,0
BRDA:7,1,0,0
BRDA:7,1,1,0
BRDA:7,1,2,0
BRDA:49,2,0,0
BRDA:49,2,1,0
BRDA:82,3,0,0
BRDA:82,3,1,0
BRDA:91,4,0,0
BRDA:91,4,1,0
BRF:11
BRH:0
end_of_record
TN:
SF:src\services\report-service.js
FN:4,(anonymous_0)
FN:11,(anonymous_1)
FN:17,(anonymous_2)
FN:18,(anonymous_3)
FN:43,(anonymous_4)
FN:83,(anonymous_5)
FN:88,(anonymous_6)
FN:92,(anonymous_7)
FN:116,(anonymous_8)
FNF:9
FNH:0
FNDA:0,(anonymous_0)
FNDA:0,(anonymous_1)
FNDA:0,(anonymous_2)
FNDA:0,(anonymous_3)
FNDA:0,(anonymous_4)
FNDA:0,(anonymous_5)
FNDA:0,(anonymous_6)
FNDA:0,(anonymous_7)
FNDA:0,(anonymous_8)
DA:1,1
DA:5,0
DA:11,0
DA:12,0
DA:17,0
DA:18,0
DA:19,0
DA:22,0
DA:45,0
DA:50,0
DA:82,0
DA:83,0
DA:84,0
DA:88,0
DA:89,0
DA:91,0
DA:92,0
DA:93,0
DA:94,0
DA:95,0
DA:97,0
DA:98,0
DA:101,0
DA:102,0
DA:105,0
DA:113,0
DA:117,0
DA:128,0
DA:132,1
LF:29
LH:2
BRDA:19,0,0,0
BRDA:19,0,1,0
BRDA:25,1,0,0
BRDA:25,1,1,0
BRDA:89,2,0,0
BRDA:89,2,1,0
BRDA:94,3,0,0
BRDA:94,3,1,0
BRDA:101,4,0,0
BRDA:101,4,1,0
BRF:10
BRH:0
end_of_record
TN:
SF:src\services\setting-service.js
FN:4,(anonymous_0)
FN:18,(anonymous_1)
FN:22,(anonymous_2)
FN:28,(anonymous_3)
FN:42,(anonymous_4)
FN:59,(anonymous_5)
FN:75,(anonymous_6)
FNF:7
FNH:0
FNDA:0,(anonymous_0)
FNDA:0,(anonymous_1)
FNDA:0,(anonymous_2)
FNDA:0,(anonymous_3)
FNDA:0,(anonymous_4)
FNDA:0,(anonymous_5)
FNDA:0,(anonymous_6)
DA:1,1
DA:2,1
DA:4,1
DA:5,0
DA:9,0
DA:10,0
DA:11,0
DA:12,0
DA:15,0
DA:18,1
DA:19,0
DA:22,1
DA:23,0
DA:28,1
DA:29,0
DA:33,0
DA:34,0
DA:35,0
DA:36,0
DA:39,0
DA:42,1
DA:43,0
DA:47,0
DA:48,0
DA:49,0
DA:50,0
DA:53,0
DA:59,1
DA:60,0
DA:64,0
DA:65,0
DA:66,0
DA:67,0
DA:70,0
DA:75,1
DA:76,0
LF:36
LH:9
BRDA:9,0,0,0
BRDA:9,0,1,0
BRDA:33,1,0,0
BRDA:33,1,1,0
BRDA:47,2,0,0
BRDA:47,2,1,0
BRDA:64,3,0,0
BRDA:64,3,1,0
BRF:8
BRH:0
end_of_record
TN:
SF:src\services\signature-service.js
FN:3,(anonymous_0)
FN:34,(anonymous_1)
FN:42,(anonymous_2)
FN:57,(anonymous_3)
FN:77,(anonymous_4)
FN:98,(anonymous_5)
FN:115,(anonymous_6)
FNF:7
FNH:0
FNDA:0,(anonymous_0)
FNDA:0,(anonymous_1)
FNDA:0,(anonymous_2)
FNDA:0,(anonymous_3)
FNDA:0,(anonymous_4)
FNDA:0,(anonymous_5)
FNDA:0,(anonymous_6)
DA:1,1
DA:3,1
DA:5,0
DA:9,0
DA:10,0
DA:11,0
DA:12,0
DA:16,0
DA:20,0
DA:21,0
DA:22,0
DA:23,0
DA:26,0
DA:34,1
DA:35,0
DA:42,1
DA:43,0
DA:48,0
DA:49,0
DA:50,0
DA:51,0
DA:54,0
DA:57,1
DA:58,0
DA:61,0
DA:65,0
DA:66,0
DA:67,0
DA:68,0
DA:71,0
DA:77,1
DA:78,0
DA:81,0
DA:85,0
DA:86,0
DA:87,0
DA:88,0
DA:92,0
DA:98,1
DA:99,0
DA:103,0
DA:105,0
DA:106,0
DA:107,0
DA:108,0
DA:111,0
DA:115,1
DA:116,0
DA:122,0
DA:123,0
DA:126,0
LF:51
LH:8
BRDA:9,0,0,0
BRDA:9,0,1,0
BRDA:20,1,0,0
BRDA:20,1,1,0
BRDA:48,2,0,0
BRDA:48,2,1,0
BRDA:65,3,0,0
BRDA:65,3,1,0
BRDA:85,4,0,0
BRDA:85,4,1,0
BRDA:105,5,0,0
BRDA:105,5,1,0
BRDA:122,6,0,0
BRDA:122,6,1,0
BRF:14
BRH:0
end_of_record
TN:
SF:src\services\test-service.js
FN:5,(anonymous_0)
FNF:1
FNH:0
FNDA:0,(anonymous_0)
DA:1,1
DA:2,1
DA:6,0
DA:7,0
DA:14,1
LF:5
LH:3
BRDA:6,0,0,0
BRDA:6,0,1,0
BRDA:6,1,0,0
BRDA:6,1,1,0
BRF:4
BRH:0
end_of_record
TN:
SF:src\services\user-service.js
FN:11,(anonymous_0)
FN:44,(anonymous_1)
FN:65,(anonymous_2)
FN:90,(anonymous_3)
FN:107,(anonymous_4)
FN:117,(anonymous_5)
FN:131,(anonymous_6)
FN:137,(anonymous_7)
FN:159,(anonymous_8)
FN:187,(anonymous_9)
FN:196,(anonymous_10)
FN:214,(anonymous_11)
FN:221,(anonymous_12)
FN:226,(anonymous_13)
FN:238,(anonymous_14)
FN:244,(anonymous_15)
FN:255,(anonymous_16)
FN:256,(anonymous_17)
FN:265,(anonymous_18)
FN:274,(anonymous_19)
FN:281,(anonymous_20)
FN:298,(anonymous_21)
FN:317,(anonymous_22)
FN:332,(anonymous_23)
FN:351,(anonymous_24)
FN:371,(anonymous_25)
FN:388,(anonymous_26)
FN:405,(anonymous_27)
FN:422,(anonymous_28)
FN:428,(anonymous_29)
FN:430,(anonymous_30)
FN:436,(anonymous_31)
FN:445,(anonymous_32)
FN:459,(anonymous_33)
FN:465,(anonymous_34)
FN:468,(anonymous_35)
FN:493,(anonymous_36)
FN:529,(anonymous_37)
FN:545,(anonymous_38)
FN:578,(anonymous_39)
FN:612,(anonymous_40)
FN:639,(anonymous_41)
FNF:42
FNH:0
FNDA:0,(anonymous_0)
FNDA:0,(anonymous_1)
FNDA:0,(anonymous_2)
FNDA:0,(anonymous_3)
FNDA:0,(anonymous_4)
FNDA:0,(anonymous_5)
FNDA:0,(anonymous_6)
FNDA:0,(anonymous_7)
FNDA:0,(anonymous_8)
FNDA:0,(anonymous_9)
FNDA:0,(anonymous_10)
FNDA:0,(anonymous_11)
FNDA:0,(anonymous_12)
FNDA:0,(anonymous_13)
FNDA:0,(anonymous_14)
FNDA:0,(anonymous_15)
FNDA:0,(anonymous_16)
FNDA:0,(anonymous_17)
FNDA:0,(anonymous_18)
FNDA:0,(anonymous_19)
FNDA:0,(anonymous_20)
FNDA:0,(anonymous_21)
FNDA:0,(anonymous_22)
FNDA:0,(anonymous_23)
FNDA:0,(anonymous_24)
FNDA:0,(anonymous_25)
FNDA:0,(anonymous_26)
FNDA:0,(anonymous_27)
FNDA:0,(anonymous_28)
FNDA:0,(anonymous_29)
FNDA:0,(anonymous_30)
FNDA:0,(anonymous_31)
FNDA:0,(anonymous_32)
FNDA:0,(anonymous_33)
FNDA:0,(anonymous_34)
FNDA:0,(anonymous_35)
FNDA:0,(anonymous_36)
FNDA:0,(anonymous_37)
FNDA:0,(anonymous_38)
FNDA:0,(anonymous_39)
FNDA:0,(anonymous_40)
FNDA:0,(anonymous_41)
DA:1,1
DA:2,1
DA:4,1
DA:5,1
DA:6,1
DA:7,1
DA:8,1
DA:12,0
DA:14,0
DA:15,0
DA:17,0
DA:18,0
DA:22,0
DA:25,0
DA:26,0
DA:32,0
DA:35,0
DA:37,0
DA:38,0
DA:40,0
DA:45,0
DA:66,0
DA:87,0
DA:91,0
DA:103,0
DA:104,0
DA:108,0
DA:118,0
DA:132,0
DA:138,0
DA:139,0
DA:143,0
DA:144,0
DA:147,0
DA:152,0
DA:154,0
DA:155,0
DA:160,0
DA:161,0
DA:165,0
DA:166,0
DA:169,0
DA:177,0
DA:179,0
DA:181,0
DA:183,0
DA:188,0
DA:190,0
DA:191,0
DA:193,0
DA:197,0
DA:198,0
DA:214,0
DA:216,0
DA:217,0
DA:222,0
DA:223,0
DA:226,0
DA:230,0
DA:234,0
DA:239,0
DA:245,0
DA:256,0
DA:260,0
DA:266,0
DA:275,0
DA:282,0
DA:295,0
DA:299,0
DA:314,0
DA:318,0
DA:329,0
DA:333,0
DA:346,0
DA:348,0
DA:352,0
DA:353,0
DA:354,0
DA:356,0
DA:359,0
DA:364,0
DA:365,0
DA:368,0
DA:372,0
DA:384,0
DA:385,0
DA:389,0
DA:401,0
DA:402,0
DA:406,0
DA:418,0
DA:419,0
DA:423,0
DA:428,0
DA:429,0
DA:430,0
DA:433,0
DA:435,0
DA:436,0
DA:439,0
DA:446,0
DA:453,0
DA:460,0
DA:465,0
DA:469,0
DA:470,0
DA:472,0
DA:473,0
DA:474,0
DA:475,0
DA:477,0
DA:478,0
DA:479,0
DA:484,0
DA:485,0
DA:490,0
DA:494,0
DA:496,0
DA:497,0
DA:499,0
DA:503,0
DA:505,0
DA:513,0
DA:526,0
DA:530,0
DA:531,0
DA:532,0
DA:534,0
DA:539,0
DA:541,0
DA:546,0
DA:548,0
DA:550,0
DA:553,0
DA:559,0
DA:560,0
DA:563,0
DA:564,0
DA:567,0
DA:568,0
DA:579,0
DA:582,0
DA:584,0
DA:591,0
DA:592,0
DA:595,0
DA:597,0
DA:613,0
DA:620,0
DA:621,0
DA:624,0
DA:626,0
DA:640,0
DA:653,1
LF:154
LH:8
BRDA:4,0,0,1
BRDA:4,0,1,0
BRDA:14,1,0,0
BRDA:14,1,1,0
BRDA:14,2,0,0
BRDA:14,2,1,0
BRDA:17,3,0,0
BRDA:17,3,1,0
BRDA:25,4,0,0
BRDA:25,4,1,0
BRDA:37,5,0,0
BRDA:37,5,1,0
BRDA:143,6,0,0
BRDA:143,6,1,0
BRDA:165,7,0,0
BRDA:165,7,1,0
BRDA:179,8,0,0
BRDA:179,8,1,0
BRDA:190,9,0,0
BRDA:190,9,1,0
BRDA:295,10,0,0
BRDA:295,10,1,0
BRDA:314,11,0,0
BRDA:314,11,1,0
BRDA:329,12,0,0
BRDA:329,12,1,0
BRDA:346,13,0,0
BRDA:346,13,1,0
BRDA:352,14,0,0
BRDA:352,14,1,0
BRDA:352,15,0,0
BRDA:352,15,1,0
BRDA:364,16,0,0
BRDA:364,16,1,0
BRDA:384,17,0,0
BRDA:384,17,1,0
BRDA:401,18,0,0
BRDA:401,18,1,0
BRDA:418,19,0,0
BRDA:418,19,1,0
BRDA:433,20,0,0
BRDA:433,20,1,0
BRDA:470,21,0,0
BRDA:470,21,1,0
BRDA:473,22,0,0
BRDA:473,22,1,0
BRDA:474,23,0,0
BRDA:474,23,1,0
BRDA:477,24,0,0
BRDA:477,24,1,0
BRDA:478,25,0,0
BRDA:478,25,1,0
BRDA:478,26,0,0
BRDA:478,26,1,0
BRDA:494,27,0,0
BRDA:494,27,1,0
BRDA:497,28,0,0
BRDA:497,28,1,0
BRDA:500,29,0,0
BRDA:500,29,1,0
BRDA:546,30,0,0
BRDA:546,30,1,0
BRDA:563,31,0,0
BRDA:563,31,1,0
BRDA:564,32,0,0
BRDA:564,32,1,0
BRDA:567,33,0,0
BRDA:567,33,1,0
BRDA:567,34,0,0
BRDA:567,34,1,0
BRDA:567,34,2,0
BRDA:595,35,0,0
BRDA:595,35,1,0
BRDA:595,36,0,0
BRDA:595,36,1,0
BRDA:624,37,0,0
BRDA:624,37,1,0
BRDA:624,38,0,0
BRDA:624,38,1,0
BRF:79
BRH:1
end_of_record
TN:
SF:src\utils\checkEmailDomain.js
FN:1,isCorporateEmail
FN:3,(anonymous_1)
FNF:2
FNH:0
FNDA:0,isCorporateEmail
FNDA:0,(anonymous_1)
DA:2,0
DA:3,0
DA:6,1
LF:3
LH:1
BRF:0
BRH:0
end_of_record
TN:
SF:src\utils\cloudUpload.js
FN:3,(anonymous_0)
FNF:1
FNH:0
FNDA:0,(anonymous_0)
DA:1,1
DA:3,1
DA:4,0
DA:5,0
DA:8,1
LF:5
LH:3
BRF:0
BRH:0
end_of_record
TN:
SF:src\utils\createError.js
FN:1,(anonymous_0)
FNF:1
FNH:0
FNDA:0,(anonymous_0)
DA:1,1
DA:2,0
DA:3,0
DA:4,0
DA:7,1
LF:5
LH:2
BRF:0
BRH:0
end_of_record
TN:
SF:src\utils\dateCalculate.js
FN:3,isHoliday
FN:19,calculateWorkingDays
FN:31,(anonymous_2)
FNF:3
FNH:0
FNDA:0,isHoliday
FNDA:0,calculateWorkingDays
FNDA:0,(anonymous_2)
DA:1,1
DA:4,0
DA:5,0
DA:9,0
DA:15,0
DA:20,0
DA:21,0
DA:24,0
DA:30,0
DA:31,0
DA:34,0
DA:35,0
DA:37,0
DA:38,0
DA:39,0
DA:41,0
DA:43,0
DA:46,0
DA:49,1
LF:19
LH:2
BRDA:4,0,0,0
BRDA:4,0,1,0
BRDA:4,1,0,0
BRDA:4,1,1,0
BRDA:38,2,0,0
BRDA:38,2,1,0
BRDA:41,3,0,0
BRDA:41,3,1,0
BRDA:41,4,0,0
BRDA:41,4,1,0
BRF:10
BRH:0
end_of_record
TN:
SF:src\utils\emailDomainChecker.js
FN:1,isAllowedEmailDomain
FNF:1
FNH:0
FNDA:0,isAllowedEmailDomain
DA:2,0
DA:4,0
DA:5,0
DA:8,1
LF:4
LH:1
BRDA:1,0,0,0
BRDA:2,1,0,0
BRDA:2,1,1,0
BRF:3
BRH:0
end_of_record
TN:
SF:src\utils\emailService.js
FN:34,(anonymous_0)
FN:60,(anonymous_1)
FN:90,getEmailTemplate
FN:168,sendNotification
FNF:4
FNH:0
FNDA:0,(anonymous_0)
FNDA:0,(anonymous_1)
FNDA:0,getEmailTemplate
FNDA:0,sendNotification
DA:1,1
DA:2,1
DA:3,1
DA:5,1
DA:34,1
DA:35,0
DA:43,0
DA:49,0
DA:53,0
DA:56,0
DA:60,1
DA:61,0
DA:69,0
DA:78,0
DA:82,0
DA:85,0
DA:86,0
DA:92,0
DA:94,0
DA:100,0
DA:106,0
DA:112,0
DA:118,0
DA:124,0
DA:130,0
DA:136,0
DA:142,0
DA:148,0
DA:154,0
DA:160,0
DA:169,0
DA:170,0
DA:171,0
DA:173,0
DA:176,1
LF:35
LH:7
BRDA:92,0,0,0
BRDA:92,0,1,0
BRDA:92,0,2,0
BRDA:92,0,3,0
BRDA:92,0,4,0
BRDA:92,0,5,0
BRDA:92,0,6,0
BRDA:92,0,7,0
BRDA:92,0,8,0
BRDA:92,0,9,0
BRDA:92,0,10,0
BRDA:92,0,11,0
BRDA:170,1,0,0
BRDA:170,1,1,0
BRF:14
BRH:0
end_of_record
